The target system is: QNX -  - 
The host system is: Linux - 5.10.16.3-microsoft-standard-WSL2 - x86_64
Compiling the C compiler identification source file "CMakeCCompilerId.c" succeeded.
Compiler: /home/xjf2613/code-space/QNX/qnx-sdk-project-20220228/FOR-PUBLIC/FOR_QNX_SDP/qnx700_sdp/host/linux/x86_64/usr/bin/aarch64-unknown-nto-qnx7.0.0-gcc-5.4.0 
Build flags: 
Id flags: -c;--target=ntoaarch64le 

The output was:
0
cc1: warning: command line option '-ftarget=ntoaarch64le' is valid for Java but not for C


Compilation of the C compiler identification source "CMakeCCompilerId.c" produced "CMakeCCompilerId.o"

The C compiler identification is GNU, found in "/home/xjf2613/code-space/QNX/qnx-sdk-project-20220228/pe-hezhong_ep40/src-tool/cmake/build/CMakeFiles/3.23.0/CompilerIdC/CMakeCCompilerId.o"

Compiling the CXX compiler identification source file "CMakeCXXCompilerId.cpp" succeeded.
Compiler: /home/xjf2613/code-space/QNX/qnx-sdk-project-20220228/FOR-PUBLIC/FOR_QNX_SDP/qnx700_sdp/host/linux/x86_64/usr/bin/aarch64-unknown-nto-qnx7.0.0-g++-5.4.0 
Build flags: 
Id flags: -c;--target=ntoaarch64le 

The output was:
0
cc1plus: warning: command line option '-ftarget=ntoaarch64le' is valid for Java but not for C++


Compilation of the CXX compiler identification source "CMakeCXXCompilerId.cpp" produced "CMakeCXXCompilerId.o"

The CXX compiler identification is GNU, found in "/home/xjf2613/code-space/QNX/qnx-sdk-project-20220228/pe-hezhong_ep40/src-tool/cmake/build/CMakeFiles/3.23.0/CompilerIdCXX/CMakeCXXCompilerId.o"

Detecting C compiler ABI info compiled with the following output:
Change Dir: /home/xjf2613/code-space/QNX/qnx-sdk-project-20220228/pe-hezhong_ep40/src-tool/cmake/build/CMakeFiles/CMakeTmp

Run Build Command(s):/home/xjf2613/code-space/QNX/qnx-sdk-project-20220228/FOR-PUBLIC/FOR_QNX_SDP/qnx700_sdp/host/linux/x86_64/usr/bin/make -f Makefile cmTC_47532/fast && /home/xjf2613/code-space/QNX/qnx-sdk-project-20220228/FOR-PUBLIC/FOR_QNX_SDP/qnx700_sdp/host/linux/x86_64/usr/bin/make  -f CMakeFiles/cmTC_47532.dir/build.make CMakeFiles/cmTC_47532.dir/build
make[1]: Entering directory '/home/xjf2613/code-space/QNX/qnx-sdk-project-20220228/pe-hezhong_ep40/src-tool/cmake/build/CMakeFiles/CMakeTmp'
Building C object CMakeFiles/cmTC_47532.dir/CMakeCCompilerABI.c.o
/home/xjf2613/code-space/QNX/qnx-sdk-project-20220228/FOR-PUBLIC/FOR_QNX_SDP/qnx700_sdp/host/linux/x86_64/usr/bin/aarch64-unknown-nto-qnx7.0.0-gcc-5.4.0 --sysroot=/home/xjf2613/code-space/QNX/qnx-sdk-project-20220228/FOR-PUBLIC/FOR_QNX_SDP/qnx700_sdp/target/qnx7   -v -o CMakeFiles/cmTC_47532.dir/CMakeCCompilerABI.c.o -c /home/xjf2613/soft/cmake/cmake-3.23.0-linux-x86_64/share/cmake-3.23/Modules/CMakeCCompilerABI.c
Using built-in specs.
COLLECT_GCC=/home/xjf2613/code-space/QNX/qnx-sdk-project-20220228/FOR-PUBLIC/FOR_QNX_SDP/qnx700_sdp/host/linux/x86_64/usr/bin/aarch64-unknown-nto-qnx7.0.0-gcc-5.4.0
Target: aarch64-unknown-nto-qnx7.0.0
Configured with: ../configure --srcdir=.. --with-as=aarch64-unknown-nto-qnx7.0.0-as --with-ld=aarch64-unknown-nto-qnx7.0.0-ld --enable-gnu-indirect-function=yes --enable-cxx-flags=-stdlib=libstdc++ --enable-cheaders=c_global --enable-initfini-array --enable-default-pie --with-sysroot=/opt/qnx700/target/qnx7/ --disable-werror --libdir=/opt/qnx700/host/linux/x86_64/usr/lib --libexecdir=/opt/qnx700/host/linux/x86_64/usr/lib --target=aarch64-unknown-nto-qnx7.0.0 --prefix=/opt/qnx700/host/linux/x86_64/usr --exec-prefix=/opt/qnx700/host/linux/x86_64/usr --with-local-prefix=/opt/qnx700/host/linux/x86_64/usr --enable-languages=c++ --enable-threads=posix --disable-nls --disable-tls --disable-libssp --disable-libstdcxx-pch --enable-libgomp --enable-__cxa_atexit --with-gxx-include-dir=/opt/qnx700/target/qnx7/usr/include/c++/5.4.0 --enable-shared --enable-multilib --with-bugurl=http://www.qnx.com --enable-stack-protector CC=x86_64-unknown-linux-gnu-gcc CFLAGS='-O2 -m64' LDFLAGS='-Wl,-s ' CXX=x86_64-unknown-linux-gnu-g++ CXXFLAGS='-O2 -m64' AUTOMAKE=: AUTOCONF=: AUTOHEADER=: AUTORECONF=: ACLOCAL=:
Thread model: posix
gcc version 5.4.0 [qnx700 1234] (GCC) 
COLLECT_GCC_OPTIONS='-v' '-o' 'CMakeFiles/cmTC_47532.dir/CMakeCCompilerABI.c.o' '-c' '-mlittle-endian' '-mabi=lp64'
 /home/xjf2613/code-space/QNX/qnx-sdk-project-20220228/FOR-PUBLIC/FOR_QNX_SDP/qnx700_sdp/host/linux/x86_64/usr/lib/gcc/aarch64-unknown-nto-qnx7.0.0/5.4.0/cc1 -quiet -v -isysroot /home/xjf2613/code-space/QNX/qnx-sdk-project-20220228/FOR-PUBLIC/FOR_QNX_SDP/qnx700_sdp/target/qnx7 -isystem /home/xjf2613/code-space/QNX/qnx-sdk-project-20220228/FOR-PUBLIC/FOR_QNX_SDP/qnx700_sdp/host/linux/x86_64/usr/lib/gcc/aarch64-unknown-nto-qnx7.0.0/5.4.0/include -isysroot /home/xjf2613/code-space/QNX/qnx-sdk-project-20220228/FOR-PUBLIC/FOR_QNX_SDP/qnx700_sdp/target/qnx7/ -D__LITTLEENDIAN__ -D__AARCH64EL__ /home/xjf2613/soft/cmake/cmake-3.23.0-linux-x86_64/share/cmake-3.23/Modules/CMakeCCompilerABI.c -mlittle-endian -quiet -dumpbase CMakeCCompilerABI.c -mlittle-endian -mabi=lp64 -auxbase-strip CMakeFiles/cmTC_47532.dir/CMakeCCompilerABI.c.o -version -fstack-protector-strong -o /tmp/ccLmowEH.s
GNU C11 (GCC) version 5.4.0 [qnx700 1234] (aarch64-unknown-nto-qnx7.0.0)
	compiled by GNU C version 5.2.0, GMP version 6.1.0, MPFR version 3.1.3, MPC version 1.0.3
GGC heuristics: --param ggc-min-expand=100 --param ggc-min-heapsize=131072
ignoring nonexistent directory "/opt/qnx700/host/linux/x86_64/usr/lib/gcc/aarch64-unknown-nto-qnx7.0.0/5.4.0/include"
ignoring nonexistent directory "/home/xjf2613/code-space/QNX/qnx-sdk-project-20220228/FOR-PUBLIC/FOR_QNX_SDP/qnx700_sdp/target/qnx7/opt/qnx700/host/linux/x86_64/usr/include"
ignoring nonexistent directory "/opt/qnx700/host/linux/x86_64/usr/lib/gcc/aarch64-unknown-nto-qnx7.0.0/5.4.0/include-fixed"
ignoring nonexistent directory "/opt/qnx700/host/linux/x86_64/usr/aarch64-unknown-nto-qnx7.0.0/include"
#include "..." search starts here:
#include <...> search starts here:
 /home/xjf2613/code-space/QNX/qnx-sdk-project-20220228/FOR-PUBLIC/FOR_QNX_SDP/qnx700_sdp/host/linux/x86_64/usr/lib/gcc/aarch64-unknown-nto-qnx7.0.0/5.4.0/include
 /home/xjf2613/code-space/QNX/qnx-sdk-project-20220228/FOR-PUBLIC/FOR_QNX_SDP/qnx700_sdp/target/qnx7/usr/include
End of search list.
GNU C11 (GCC) version 5.4.0 [qnx700 1234] (aarch64-unknown-nto-qnx7.0.0)
	compiled by GNU C version 5.2.0, GMP version 6.1.0, MPFR version 3.1.3, MPC version 1.0.3
GGC heuristics: --param ggc-min-expand=100 --param ggc-min-heapsize=131072
Compiler executable checksum: 242031f7a054c3d29e1f915bba2bb48a
COLLECT_GCC_OPTIONS='-v' '-o' 'CMakeFiles/cmTC_47532.dir/CMakeCCompilerABI.c.o' '-c' '-mlittle-endian' '-mabi=lp64'
 /home/xjf2613/code-space/QNX/qnx-sdk-project-20220228/FOR-PUBLIC/FOR_QNX_SDP/qnx700_sdp/host/linux/x86_64/usr/bin/aarch64-unknown-nto-qnx7.0.0-as -v -EL -mabi=lp64 -o CMakeFiles/cmTC_47532.dir/CMakeCCompilerABI.c.o /tmp/ccLmowEH.s
GNU assembler version 2.25.1 (aarch64-unknown-nto-qnx7.0.0) using BFD version (GNU Binutils) 2.25.1 [qnx700 r1234]
COMPILER_PATH=/home/xjf2613/code-space/QNX/qnx-sdk-project-20220228/FOR-PUBLIC/FOR_QNX_SDP/qnx700_sdp/host/linux/x86_64/usr/bin/:/home/xjf2613/code-space/QNX/qnx-sdk-project-20220228/FOR-PUBLIC/FOR_QNX_SDP/qnx700_sdp/host/linux/x86_64/usr/lib/gcc/aarch64-unknown-nto-qnx7.0.0/5.4.0/:/home/xjf2613/code-space/QNX/qnx-sdk-project-20220228/FOR-PUBLIC/FOR_QNX_SDP/qnx700_sdp/host/linux/x86_64/usr/lib/gcc/aarch64-unknown-nto-qnx7.0.0/5.4.0/:/home/xjf2613/code-space/QNX/qnx-sdk-project-20220228/FOR-PUBLIC/FOR_QNX_SDP/qnx700_sdp/host/linux/x86_64/usr/lib/gcc/aarch64-unknown-nto-qnx7.0.0/:/home/xjf2613/code-space/QNX/qnx-sdk-project-20220228/FOR-PUBLIC/FOR_QNX_SDP/qnx700_sdp/host/linux/x86_64/usr/lib/gcc/aarch64-unknown-nto-qnx7.0.0/5.4.0/:/home/xjf2613/code-space/QNX/qnx-sdk-project-20220228/FOR-PUBLIC/FOR_QNX_SDP/qnx700_sdp/host/linux/x86_64/usr/lib/gcc/aarch64-unknown-nto-qnx7.0.0/
LIBRARY_PATH=/home/xjf2613/code-space/QNX/qnx-sdk-project-20220228/FOR-PUBLIC/FOR_QNX_SDP/qnx700_sdp/host/linux/x86_64/usr/lib/gcc/aarch64-unknown-nto-qnx7.0.0/5.4.0/:/home/xjf2613/code-space/QNX/qnx-sdk-project-20220228/FOR-PUBLIC/FOR_QNX_SDP/qnx700_sdp/target/qnx7/lib/:/home/xjf2613/code-space/QNX/qnx-sdk-project-20220228/FOR-PUBLIC/FOR_QNX_SDP/qnx700_sdp/target/qnx7/usr/lib/
COLLECT_GCC_OPTIONS='-v' '-o' 'CMakeFiles/cmTC_47532.dir/CMakeCCompilerABI.c.o' '-c' '-mlittle-endian' '-mabi=lp64'
Linking C executable cmTC_47532
/home/xjf2613/soft/cmake/cmake-3.23.0-linux-x86_64/bin/cmake -E cmake_link_script CMakeFiles/cmTC_47532.dir/link.txt --verbose=1
/home/xjf2613/code-space/QNX/qnx-sdk-project-20220228/FOR-PUBLIC/FOR_QNX_SDP/qnx700_sdp/host/linux/x86_64/usr/bin/aarch64-unknown-nto-qnx7.0.0-gcc-5.4.0 --sysroot=/home/xjf2613/code-space/QNX/qnx-sdk-project-20220228/FOR-PUBLIC/FOR_QNX_SDP/qnx700_sdp/target/qnx7  -v CMakeFiles/cmTC_47532.dir/CMakeCCompilerABI.c.o -o cmTC_47532 
Using built-in specs.
COLLECT_GCC=/home/xjf2613/code-space/QNX/qnx-sdk-project-20220228/FOR-PUBLIC/FOR_QNX_SDP/qnx700_sdp/host/linux/x86_64/usr/bin/aarch64-unknown-nto-qnx7.0.0-gcc-5.4.0
COLLECT_LTO_WRAPPER=/home/xjf2613/code-space/QNX/qnx-sdk-project-20220228/FOR-PUBLIC/FOR_QNX_SDP/qnx700_sdp/host/linux/x86_64/usr/lib/gcc/aarch64-unknown-nto-qnx7.0.0/5.4.0/lto-wrapper
Target: aarch64-unknown-nto-qnx7.0.0
Configured with: ../configure --srcdir=.. --with-as=aarch64-unknown-nto-qnx7.0.0-as --with-ld=aarch64-unknown-nto-qnx7.0.0-ld --enable-gnu-indirect-function=yes --enable-cxx-flags=-stdlib=libstdc++ --enable-cheaders=c_global --enable-initfini-array --enable-default-pie --with-sysroot=/opt/qnx700/target/qnx7/ --disable-werror --libdir=/opt/qnx700/host/linux/x86_64/usr/lib --libexecdir=/opt/qnx700/host/linux/x86_64/usr/lib --target=aarch64-unknown-nto-qnx7.0.0 --prefix=/opt/qnx700/host/linux/x86_64/usr --exec-prefix=/opt/qnx700/host/linux/x86_64/usr --with-local-prefix=/opt/qnx700/host/linux/x86_64/usr --enable-languages=c++ --enable-threads=posix --disable-nls --disable-tls --disable-libssp --disable-libstdcxx-pch --enable-libgomp --enable-__cxa_atexit --with-gxx-include-dir=/opt/qnx700/target/qnx7/usr/include/c++/5.4.0 --enable-shared --enable-multilib --with-bugurl=http://www.qnx.com --enable-stack-protector CC=x86_64-unknown-linux-gnu-gcc CFLAGS='-O2 -m64' LDFLAGS='-Wl,-s ' CXX=x86_64-unknown-linux-gnu-g++ CXXFLAGS='-O2 -m64' AUTOMAKE=: AUTOCONF=: AUTOHEADER=: AUTORECONF=: ACLOCAL=:
Thread model: posix
gcc version 5.4.0 [qnx700 1234] (GCC) 
COMPILER_PATH=/home/xjf2613/code-space/QNX/qnx-sdk-project-20220228/FOR-PUBLIC/FOR_QNX_SDP/qnx700_sdp/host/linux/x86_64/usr/bin/:/home/xjf2613/code-space/QNX/qnx-sdk-project-20220228/FOR-PUBLIC/FOR_QNX_SDP/qnx700_sdp/host/linux/x86_64/usr/lib/gcc/aarch64-unknown-nto-qnx7.0.0/5.4.0/:/home/xjf2613/code-space/QNX/qnx-sdk-project-20220228/FOR-PUBLIC/FOR_QNX_SDP/qnx700_sdp/host/linux/x86_64/usr/lib/gcc/aarch64-unknown-nto-qnx7.0.0/5.4.0/:/home/xjf2613/code-space/QNX/qnx-sdk-project-20220228/FOR-PUBLIC/FOR_QNX_SDP/qnx700_sdp/host/linux/x86_64/usr/lib/gcc/aarch64-unknown-nto-qnx7.0.0/:/home/xjf2613/code-space/QNX/qnx-sdk-project-20220228/FOR-PUBLIC/FOR_QNX_SDP/qnx700_sdp/host/linux/x86_64/usr/lib/gcc/aarch64-unknown-nto-qnx7.0.0/5.4.0/:/home/xjf2613/code-space/QNX/qnx-sdk-project-20220228/FOR-PUBLIC/FOR_QNX_SDP/qnx700_sdp/host/linux/x86_64/usr/lib/gcc/aarch64-unknown-nto-qnx7.0.0/
LIBRARY_PATH=/home/xjf2613/code-space/QNX/qnx-sdk-project-20220228/FOR-PUBLIC/FOR_QNX_SDP/qnx700_sdp/host/linux/x86_64/usr/lib/gcc/aarch64-unknown-nto-qnx7.0.0/5.4.0/:/home/xjf2613/code-space/QNX/qnx-sdk-project-20220228/FOR-PUBLIC/FOR_QNX_SDP/qnx700_sdp/target/qnx7/lib/:/home/xjf2613/code-space/QNX/qnx-sdk-project-20220228/FOR-PUBLIC/FOR_QNX_SDP/qnx700_sdp/target/qnx7/usr/lib/
COLLECT_GCC_OPTIONS='-v' '-o' 'cmTC_47532' '-mlittle-endian' '-mabi=lp64'
 /home/xjf2613/code-space/QNX/qnx-sdk-project-20220228/FOR-PUBLIC/FOR_QNX_SDP/qnx700_sdp/host/linux/x86_64/usr/lib/gcc/aarch64-unknown-nto-qnx7.0.0/5.4.0/collect2 -plugin /home/xjf2613/code-space/QNX/qnx-sdk-project-20220228/FOR-PUBLIC/FOR_QNX_SDP/qnx700_sdp/host/linux/x86_64/usr/lib/gcc/aarch64-unknown-nto-qnx7.0.0/5.4.0/liblto_plugin.so -plugin-opt=/home/xjf2613/code-space/QNX/qnx-sdk-project-20220228/FOR-PUBLIC/FOR_QNX_SDP/qnx700_sdp/host/linux/x86_64/usr/lib/gcc/aarch64-unknown-nto-qnx7.0.0/5.4.0/lto-wrapper -plugin-opt=-fresolution=/tmp/ccKZdZqb.res -plugin-opt=-pass-through=-lgcc -plugin-opt=-pass-through=-lc -plugin-opt=-pass-through=-lcS -plugin-opt=-pass-through=-lgcc --sysroot=/home/xjf2613/code-space/QNX/qnx-sdk-project-20220228/FOR-PUBLIC/FOR_QNX_SDP/qnx700_sdp/target/qnx7 --eh-frame-hdr -V --build-id=md5 --warn-shared-textrel -zrelro -znow --dynamic-linker /usr/lib/ldqnx-64.so.2 -X -EL -pie -o cmTC_47532 /home/xjf2613/code-space/QNX/qnx-sdk-project-20220228/FOR-PUBLIC/FOR_QNX_SDP/qnx700_sdp/target/qnx7/aarch64le/lib/crt1.o /home/xjf2613/code-space/QNX/qnx-sdk-project-20220228/FOR-PUBLIC/FOR_QNX_SDP/qnx700_sdp/target/qnx7/aarch64le/lib/crti.o /home/xjf2613/code-space/QNX/qnx-sdk-project-20220228/FOR-PUBLIC/FOR_QNX_SDP/qnx700_sdp/host/linux/x86_64/usr/lib/gcc/aarch64-unknown-nto-qnx7.0.0/5.4.0/crtbegin.o -L/home/xjf2613/code-space/QNX/qnx-sdk-project-20220228/FOR-PUBLIC/FOR_QNX_SDP/qnx700_sdp/host/linux/x86_64/usr/lib/gcc/aarch64-unknown-nto-qnx7.0.0/5.4.0 -L/home/xjf2613/code-space/QNX/qnx-sdk-project-20220228/FOR-PUBLIC/FOR_QNX_SDP/qnx700_sdp/target/qnx7/lib -L/home/xjf2613/code-space/QNX/qnx-sdk-project-20220228/FOR-PUBLIC/FOR_QNX_SDP/qnx700_sdp/target/qnx7/usr/lib -L /home/xjf2613/code-space/QNX/qnx-sdk-project-20220228/FOR-PUBLIC/FOR_QNX_SDP/qnx700_sdp/target/qnx7/aarch64le/lib/gcc/5.4.0 -L /home/xjf2613/code-space/QNX/qnx-sdk-project-20220228/FOR-PUBLIC/FOR_QNX_SDP/qnx700_sdp/target/qnx7/aarch64le/lib -L /home/xjf2613/code-space/QNX/qnx-sdk-project-20220228/FOR-PUBLIC/FOR_QNX_SDP/qnx700_sdp/target/qnx7/aarch64le/usr/lib -L /home/xjf2613/code-space/QNX/qnx-sdk-project-20220228/FOR-PUBLIC/FOR_QNX_SDP/qnx700_sdp/target/qnx7/aarch64le/opt/lib -rpath-link /home/xjf2613/code-space/QNX/qnx-sdk-project-20220228/FOR-PUBLIC/FOR_QNX_SDP/qnx700_sdp/target/qnx7/aarch64le/lib/gcc/5.4.0:/home/xjf2613/code-space/QNX/qnx-sdk-project-20220228/FOR-PUBLIC/FOR_QNX_SDP/qnx700_sdp/target/qnx7/aarch64le/lib:/home/xjf2613/code-space/QNX/qnx-sdk-project-20220228/FOR-PUBLIC/FOR_QNX_SDP/qnx700_sdp/target/qnx7/aarch64le/usr/lib:/home/xjf2613/code-space/QNX/qnx-sdk-project-20220228/FOR-PUBLIC/FOR_QNX_SDP/qnx700_sdp/target/qnx7/aarch64le/opt/lib CMakeFiles/cmTC_47532.dir/CMakeCCompilerABI.c.o -lgcc -lc -Bstatic -lcS -lgcc /home/xjf2613/code-space/QNX/qnx-sdk-project-20220228/FOR-PUBLIC/FOR_QNX_SDP/qnx700_sdp/host/linux/x86_64/usr/lib/gcc/aarch64-unknown-nto-qnx7.0.0/5.4.0/crtend.o /home/xjf2613/code-space/QNX/qnx-sdk-project-20220228/FOR-PUBLIC/FOR_QNX_SDP/qnx700_sdp/target/qnx7/aarch64le/lib/crtn.o
GNU ld (GNU Binutils) 2.25.1 [qnx700 r1234]
  Supported emulations:
   aarch64nto
   aarch64elf
   aarch64elf32
   aarch64elf32b
   aarch64elfb
   armelf
   armelfb
make[1]: Leaving directory '/home/xjf2613/code-space/QNX/qnx-sdk-project-20220228/pe-hezhong_ep40/src-tool/cmake/build/CMakeFiles/CMakeTmp'



Parsed C implicit include dir info from above output: rv=done
  found start of include info
  found start of implicit include info
    add: [/home/xjf2613/code-space/QNX/qnx-sdk-project-20220228/FOR-PUBLIC/FOR_QNX_SDP/qnx700_sdp/host/linux/x86_64/usr/lib/gcc/aarch64-unknown-nto-qnx7.0.0/5.4.0/include]
    add: [/home/xjf2613/code-space/QNX/qnx-sdk-project-20220228/FOR-PUBLIC/FOR_QNX_SDP/qnx700_sdp/target/qnx7/usr/include]
  end of search list found
  collapse include dir [/home/xjf2613/code-space/QNX/qnx-sdk-project-20220228/FOR-PUBLIC/FOR_QNX_SDP/qnx700_sdp/host/linux/x86_64/usr/lib/gcc/aarch64-unknown-nto-qnx7.0.0/5.4.0/include] ==> [/home/xjf2613/code-space/QNX/qnx-sdk-project-20220228/FOR-PUBLIC/FOR_QNX_SDP/qnx700_sdp/host/linux/x86_64/usr/lib/gcc/aarch64-unknown-nto-qnx7.0.0/5.4.0/include]
  collapse include dir [/home/xjf2613/code-space/QNX/qnx-sdk-project-20220228/FOR-PUBLIC/FOR_QNX_SDP/qnx700_sdp/target/qnx7/usr/include] ==> [/home/xjf2613/code-space/QNX/qnx-sdk-project-20220228/FOR-PUBLIC/FOR_QNX_SDP/qnx700_sdp/target/qnx7/usr/include]
  implicit include dirs: [/home/xjf2613/code-space/QNX/qnx-sdk-project-20220228/FOR-PUBLIC/FOR_QNX_SDP/qnx700_sdp/host/linux/x86_64/usr/lib/gcc/aarch64-unknown-nto-qnx7.0.0/5.4.0/include;/home/xjf2613/code-space/QNX/qnx-sdk-project-20220228/FOR-PUBLIC/FOR_QNX_SDP/qnx700_sdp/target/qnx7/usr/include]


Parsed C implicit link information from above output:
  link line regex: [^( *|.*[/\])(aarch64-unknown-nto-qnx7\.0\.0-ld|CMAKE_LINK_STARTFILE-NOTFOUND|([^/\]+-)?ld|collect2)[^/\]*( |$)]
  ignore line: [Change Dir: /home/xjf2613/code-space/QNX/qnx-sdk-project-20220228/pe-hezhong_ep40/src-tool/cmake/build/CMakeFiles/CMakeTmp]
  ignore line: []
  ignore line: [Run Build Command(s):/home/xjf2613/code-space/QNX/qnx-sdk-project-20220228/FOR-PUBLIC/FOR_QNX_SDP/qnx700_sdp/host/linux/x86_64/usr/bin/make -f Makefile cmTC_47532/fast && /home/xjf2613/code-space/QNX/qnx-sdk-project-20220228/FOR-PUBLIC/FOR_QNX_SDP/qnx700_sdp/host/linux/x86_64/usr/bin/make  -f CMakeFiles/cmTC_47532.dir/build.make CMakeFiles/cmTC_47532.dir/build]
  ignore line: [make[1]: Entering directory '/home/xjf2613/code-space/QNX/qnx-sdk-project-20220228/pe-hezhong_ep40/src-tool/cmake/build/CMakeFiles/CMakeTmp']
  ignore line: [Building C object CMakeFiles/cmTC_47532.dir/CMakeCCompilerABI.c.o]
  ignore line: [/home/xjf2613/code-space/QNX/qnx-sdk-project-20220228/FOR-PUBLIC/FOR_QNX_SDP/qnx700_sdp/host/linux/x86_64/usr/bin/aarch64-unknown-nto-qnx7.0.0-gcc-5.4.0 --sysroot=/home/xjf2613/code-space/QNX/qnx-sdk-project-20220228/FOR-PUBLIC/FOR_QNX_SDP/qnx700_sdp/target/qnx7   -v -o CMakeFiles/cmTC_47532.dir/CMakeCCompilerABI.c.o -c /home/xjf2613/soft/cmake/cmake-3.23.0-linux-x86_64/share/cmake-3.23/Modules/CMakeCCompilerABI.c]
  ignore line: [Using built-in specs.]
  ignore line: [COLLECT_GCC=/home/xjf2613/code-space/QNX/qnx-sdk-project-20220228/FOR-PUBLIC/FOR_QNX_SDP/qnx700_sdp/host/linux/x86_64/usr/bin/aarch64-unknown-nto-qnx7.0.0-gcc-5.4.0]
  ignore line: [Target: aarch64-unknown-nto-qnx7.0.0]
  ignore line: [Configured with: ../configure --srcdir=.. --with-as=aarch64-unknown-nto-qnx7.0.0-as --with-ld=aarch64-unknown-nto-qnx7.0.0-ld --enable-gnu-indirect-function=yes --enable-cxx-flags=-stdlib=libstdc++ --enable-cheaders=c_global --enable-initfini-array --enable-default-pie --with-sysroot=/opt/qnx700/target/qnx7/ --disable-werror --libdir=/opt/qnx700/host/linux/x86_64/usr/lib --libexecdir=/opt/qnx700/host/linux/x86_64/usr/lib --target=aarch64-unknown-nto-qnx7.0.0 --prefix=/opt/qnx700/host/linux/x86_64/usr --exec-prefix=/opt/qnx700/host/linux/x86_64/usr --with-local-prefix=/opt/qnx700/host/linux/x86_64/usr --enable-languages=c++ --enable-threads=posix --disable-nls --disable-tls --disable-libssp --disable-libstdcxx-pch --enable-libgomp --enable-__cxa_atexit --with-gxx-include-dir=/opt/qnx700/target/qnx7/usr/include/c++/5.4.0 --enable-shared --enable-multilib --with-bugurl=http://www.qnx.com --enable-stack-protector CC=x86_64-unknown-linux-gnu-gcc CFLAGS='-O2 -m64' LDFLAGS='-Wl,-s ' CXX=x86_64-unknown-linux-gnu-g++ CXXFLAGS='-O2 -m64' AUTOMAKE=: AUTOCONF=: AUTOHEADER=: AUTORECONF=: ACLOCAL=:]
  ignore line: [Thread model: posix]
  ignore line: [gcc version 5.4.0 [qnx700 1234] (GCC) ]
  ignore line: [COLLECT_GCC_OPTIONS='-v' '-o' 'CMakeFiles/cmTC_47532.dir/CMakeCCompilerABI.c.o' '-c' '-mlittle-endian' '-mabi=lp64']
  ignore line: [ /home/xjf2613/code-space/QNX/qnx-sdk-project-20220228/FOR-PUBLIC/FOR_QNX_SDP/qnx700_sdp/host/linux/x86_64/usr/lib/gcc/aarch64-unknown-nto-qnx7.0.0/5.4.0/cc1 -quiet -v -isysroot /home/xjf2613/code-space/QNX/qnx-sdk-project-20220228/FOR-PUBLIC/FOR_QNX_SDP/qnx700_sdp/target/qnx7 -isystem /home/xjf2613/code-space/QNX/qnx-sdk-project-20220228/FOR-PUBLIC/FOR_QNX_SDP/qnx700_sdp/host/linux/x86_64/usr/lib/gcc/aarch64-unknown-nto-qnx7.0.0/5.4.0/include -isysroot /home/xjf2613/code-space/QNX/qnx-sdk-project-20220228/FOR-PUBLIC/FOR_QNX_SDP/qnx700_sdp/target/qnx7/ -D__LITTLEENDIAN__ -D__AARCH64EL__ /home/xjf2613/soft/cmake/cmake-3.23.0-linux-x86_64/share/cmake-3.23/Modules/CMakeCCompilerABI.c -mlittle-endian -quiet -dumpbase CMakeCCompilerABI.c -mlittle-endian -mabi=lp64 -auxbase-strip CMakeFiles/cmTC_47532.dir/CMakeCCompilerABI.c.o -version -fstack-protector-strong -o /tmp/ccLmowEH.s]
  ignore line: [GNU C11 (GCC) version 5.4.0 [qnx700 1234] (aarch64-unknown-nto-qnx7.0.0)]
  ignore line: [	compiled by GNU C version 5.2.0  GMP version 6.1.0  MPFR version 3.1.3  MPC version 1.0.3]
  ignore line: [GGC heuristics: --param ggc-min-expand=100 --param ggc-min-heapsize=131072]
  ignore line: [ignoring nonexistent directory "/opt/qnx700/host/linux/x86_64/usr/lib/gcc/aarch64-unknown-nto-qnx7.0.0/5.4.0/include"]
  ignore line: [ignoring nonexistent directory "/home/xjf2613/code-space/QNX/qnx-sdk-project-20220228/FOR-PUBLIC/FOR_QNX_SDP/qnx700_sdp/target/qnx7/opt/qnx700/host/linux/x86_64/usr/include"]
  ignore line: [ignoring nonexistent directory "/opt/qnx700/host/linux/x86_64/usr/lib/gcc/aarch64-unknown-nto-qnx7.0.0/5.4.0/include-fixed"]
  ignore line: [ignoring nonexistent directory "/opt/qnx700/host/linux/x86_64/usr/aarch64-unknown-nto-qnx7.0.0/include"]
  ignore line: [#include "..." search starts here:]
  ignore line: [#include <...> search starts here:]
  ignore line: [ /home/xjf2613/code-space/QNX/qnx-sdk-project-20220228/FOR-PUBLIC/FOR_QNX_SDP/qnx700_sdp/host/linux/x86_64/usr/lib/gcc/aarch64-unknown-nto-qnx7.0.0/5.4.0/include]
  ignore line: [ /home/xjf2613/code-space/QNX/qnx-sdk-project-20220228/FOR-PUBLIC/FOR_QNX_SDP/qnx700_sdp/target/qnx7/usr/include]
  ignore line: [End of search list.]
  ignore line: [GNU C11 (GCC) version 5.4.0 [qnx700 1234] (aarch64-unknown-nto-qnx7.0.0)]
  ignore line: [	compiled by GNU C version 5.2.0  GMP version 6.1.0  MPFR version 3.1.3  MPC version 1.0.3]
  ignore line: [GGC heuristics: --param ggc-min-expand=100 --param ggc-min-heapsize=131072]
  ignore line: [Compiler executable checksum: 242031f7a054c3d29e1f915bba2bb48a]
  ignore line: [COLLECT_GCC_OPTIONS='-v' '-o' 'CMakeFiles/cmTC_47532.dir/CMakeCCompilerABI.c.o' '-c' '-mlittle-endian' '-mabi=lp64']
  ignore line: [ /home/xjf2613/code-space/QNX/qnx-sdk-project-20220228/FOR-PUBLIC/FOR_QNX_SDP/qnx700_sdp/host/linux/x86_64/usr/bin/aarch64-unknown-nto-qnx7.0.0-as -v -EL -mabi=lp64 -o CMakeFiles/cmTC_47532.dir/CMakeCCompilerABI.c.o /tmp/ccLmowEH.s]
  ignore line: [GNU assembler version 2.25.1 (aarch64-unknown-nto-qnx7.0.0) using BFD version (GNU Binutils) 2.25.1 [qnx700 r1234]]
  ignore line: [COMPILER_PATH=/home/xjf2613/code-space/QNX/qnx-sdk-project-20220228/FOR-PUBLIC/FOR_QNX_SDP/qnx700_sdp/host/linux/x86_64/usr/bin/:/home/xjf2613/code-space/QNX/qnx-sdk-project-20220228/FOR-PUBLIC/FOR_QNX_SDP/qnx700_sdp/host/linux/x86_64/usr/lib/gcc/aarch64-unknown-nto-qnx7.0.0/5.4.0/:/home/xjf2613/code-space/QNX/qnx-sdk-project-20220228/FOR-PUBLIC/FOR_QNX_SDP/qnx700_sdp/host/linux/x86_64/usr/lib/gcc/aarch64-unknown-nto-qnx7.0.0/5.4.0/:/home/xjf2613/code-space/QNX/qnx-sdk-project-20220228/FOR-PUBLIC/FOR_QNX_SDP/qnx700_sdp/host/linux/x86_64/usr/lib/gcc/aarch64-unknown-nto-qnx7.0.0/:/home/xjf2613/code-space/QNX/qnx-sdk-project-20220228/FOR-PUBLIC/FOR_QNX_SDP/qnx700_sdp/host/linux/x86_64/usr/lib/gcc/aarch64-unknown-nto-qnx7.0.0/5.4.0/:/home/xjf2613/code-space/QNX/qnx-sdk-project-20220228/FOR-PUBLIC/FOR_QNX_SDP/qnx700_sdp/host/linux/x86_64/usr/lib/gcc/aarch64-unknown-nto-qnx7.0.0/]
  ignore line: [LIBRARY_PATH=/home/xjf2613/code-space/QNX/qnx-sdk-project-20220228/FOR-PUBLIC/FOR_QNX_SDP/qnx700_sdp/host/linux/x86_64/usr/lib/gcc/aarch64-unknown-nto-qnx7.0.0/5.4.0/:/home/xjf2613/code-space/QNX/qnx-sdk-project-20220228/FOR-PUBLIC/FOR_QNX_SDP/qnx700_sdp/target/qnx7/lib/:/home/xjf2613/code-space/QNX/qnx-sdk-project-20220228/FOR-PUBLIC/FOR_QNX_SDP/qnx700_sdp/target/qnx7/usr/lib/]
  ignore line: [COLLECT_GCC_OPTIONS='-v' '-o' 'CMakeFiles/cmTC_47532.dir/CMakeCCompilerABI.c.o' '-c' '-mlittle-endian' '-mabi=lp64']
  ignore line: [Linking C executable cmTC_47532]
  ignore line: [/home/xjf2613/soft/cmake/cmake-3.23.0-linux-x86_64/bin/cmake -E cmake_link_script CMakeFiles/cmTC_47532.dir/link.txt --verbose=1]
  ignore line: [/home/xjf2613/code-space/QNX/qnx-sdk-project-20220228/FOR-PUBLIC/FOR_QNX_SDP/qnx700_sdp/host/linux/x86_64/usr/bin/aarch64-unknown-nto-qnx7.0.0-gcc-5.4.0 --sysroot=/home/xjf2613/code-space/QNX/qnx-sdk-project-20220228/FOR-PUBLIC/FOR_QNX_SDP/qnx700_sdp/target/qnx7  -v CMakeFiles/cmTC_47532.dir/CMakeCCompilerABI.c.o -o cmTC_47532 ]
  ignore line: [Using built-in specs.]
  ignore line: [COLLECT_GCC=/home/xjf2613/code-space/QNX/qnx-sdk-project-20220228/FOR-PUBLIC/FOR_QNX_SDP/qnx700_sdp/host/linux/x86_64/usr/bin/aarch64-unknown-nto-qnx7.0.0-gcc-5.4.0]
  ignore line: [COLLECT_LTO_WRAPPER=/home/xjf2613/code-space/QNX/qnx-sdk-project-20220228/FOR-PUBLIC/FOR_QNX_SDP/qnx700_sdp/host/linux/x86_64/usr/lib/gcc/aarch64-unknown-nto-qnx7.0.0/5.4.0/lto-wrapper]
  ignore line: [Target: aarch64-unknown-nto-qnx7.0.0]
  ignore line: [Configured with: ../configure --srcdir=.. --with-as=aarch64-unknown-nto-qnx7.0.0-as --with-ld=aarch64-unknown-nto-qnx7.0.0-ld --enable-gnu-indirect-function=yes --enable-cxx-flags=-stdlib=libstdc++ --enable-cheaders=c_global --enable-initfini-array --enable-default-pie --with-sysroot=/opt/qnx700/target/qnx7/ --disable-werror --libdir=/opt/qnx700/host/linux/x86_64/usr/lib --libexecdir=/opt/qnx700/host/linux/x86_64/usr/lib --target=aarch64-unknown-nto-qnx7.0.0 --prefix=/opt/qnx700/host/linux/x86_64/usr --exec-prefix=/opt/qnx700/host/linux/x86_64/usr --with-local-prefix=/opt/qnx700/host/linux/x86_64/usr --enable-languages=c++ --enable-threads=posix --disable-nls --disable-tls --disable-libssp --disable-libstdcxx-pch --enable-libgomp --enable-__cxa_atexit --with-gxx-include-dir=/opt/qnx700/target/qnx7/usr/include/c++/5.4.0 --enable-shared --enable-multilib --with-bugurl=http://www.qnx.com --enable-stack-protector CC=x86_64-unknown-linux-gnu-gcc CFLAGS='-O2 -m64' LDFLAGS='-Wl,-s ' CXX=x86_64-unknown-linux-gnu-g++ CXXFLAGS='-O2 -m64' AUTOMAKE=: AUTOCONF=: AUTOHEADER=: AUTORECONF=: ACLOCAL=:]
  ignore line: [Thread model: posix]
  ignore line: [gcc version 5.4.0 [qnx700 1234] (GCC) ]
  ignore line: [COMPILER_PATH=/home/xjf2613/code-space/QNX/qnx-sdk-project-20220228/FOR-PUBLIC/FOR_QNX_SDP/qnx700_sdp/host/linux/x86_64/usr/bin/:/home/xjf2613/code-space/QNX/qnx-sdk-project-20220228/FOR-PUBLIC/FOR_QNX_SDP/qnx700_sdp/host/linux/x86_64/usr/lib/gcc/aarch64-unknown-nto-qnx7.0.0/5.4.0/:/home/xjf2613/code-space/QNX/qnx-sdk-project-20220228/FOR-PUBLIC/FOR_QNX_SDP/qnx700_sdp/host/linux/x86_64/usr/lib/gcc/aarch64-unknown-nto-qnx7.0.0/5.4.0/:/home/xjf2613/code-space/QNX/qnx-sdk-project-20220228/FOR-PUBLIC/FOR_QNX_SDP/qnx700_sdp/host/linux/x86_64/usr/lib/gcc/aarch64-unknown-nto-qnx7.0.0/:/home/xjf2613/code-space/QNX/qnx-sdk-project-20220228/FOR-PUBLIC/FOR_QNX_SDP/qnx700_sdp/host/linux/x86_64/usr/lib/gcc/aarch64-unknown-nto-qnx7.0.0/5.4.0/:/home/xjf2613/code-space/QNX/qnx-sdk-project-20220228/FOR-PUBLIC/FOR_QNX_SDP/qnx700_sdp/host/linux/x86_64/usr/lib/gcc/aarch64-unknown-nto-qnx7.0.0/]
  ignore line: [LIBRARY_PATH=/home/xjf2613/code-space/QNX/qnx-sdk-project-20220228/FOR-PUBLIC/FOR_QNX_SDP/qnx700_sdp/host/linux/x86_64/usr/lib/gcc/aarch64-unknown-nto-qnx7.0.0/5.4.0/:/home/xjf2613/code-space/QNX/qnx-sdk-project-20220228/FOR-PUBLIC/FOR_QNX_SDP/qnx700_sdp/target/qnx7/lib/:/home/xjf2613/code-space/QNX/qnx-sdk-project-20220228/FOR-PUBLIC/FOR_QNX_SDP/qnx700_sdp/target/qnx7/usr/lib/]
  ignore line: [COLLECT_GCC_OPTIONS='-v' '-o' 'cmTC_47532' '-mlittle-endian' '-mabi=lp64']
  link line: [ /home/xjf2613/code-space/QNX/qnx-sdk-project-20220228/FOR-PUBLIC/FOR_QNX_SDP/qnx700_sdp/host/linux/x86_64/usr/lib/gcc/aarch64-unknown-nto-qnx7.0.0/5.4.0/collect2 -plugin /home/xjf2613/code-space/QNX/qnx-sdk-project-20220228/FOR-PUBLIC/FOR_QNX_SDP/qnx700_sdp/host/linux/x86_64/usr/lib/gcc/aarch64-unknown-nto-qnx7.0.0/5.4.0/liblto_plugin.so -plugin-opt=/home/xjf2613/code-space/QNX/qnx-sdk-project-20220228/FOR-PUBLIC/FOR_QNX_SDP/qnx700_sdp/host/linux/x86_64/usr/lib/gcc/aarch64-unknown-nto-qnx7.0.0/5.4.0/lto-wrapper -plugin-opt=-fresolution=/tmp/ccKZdZqb.res -plugin-opt=-pass-through=-lgcc -plugin-opt=-pass-through=-lc -plugin-opt=-pass-through=-lcS -plugin-opt=-pass-through=-lgcc --sysroot=/home/xjf2613/code-space/QNX/qnx-sdk-project-20220228/FOR-PUBLIC/FOR_QNX_SDP/qnx700_sdp/target/qnx7 --eh-frame-hdr -V --build-id=md5 --warn-shared-textrel -zrelro -znow --dynamic-linker /usr/lib/ldqnx-64.so.2 -X -EL -pie -o cmTC_47532 /home/xjf2613/code-space/QNX/qnx-sdk-project-20220228/FOR-PUBLIC/FOR_QNX_SDP/qnx700_sdp/target/qnx7/aarch64le/lib/crt1.o /home/xjf2613/code-space/QNX/qnx-sdk-project-20220228/FOR-PUBLIC/FOR_QNX_SDP/qnx700_sdp/target/qnx7/aarch64le/lib/crti.o /home/xjf2613/code-space/QNX/qnx-sdk-project-20220228/FOR-PUBLIC/FOR_QNX_SDP/qnx700_sdp/host/linux/x86_64/usr/lib/gcc/aarch64-unknown-nto-qnx7.0.0/5.4.0/crtbegin.o -L/home/xjf2613/code-space/QNX/qnx-sdk-project-20220228/FOR-PUBLIC/FOR_QNX_SDP/qnx700_sdp/host/linux/x86_64/usr/lib/gcc/aarch64-unknown-nto-qnx7.0.0/5.4.0 -L/home/xjf2613/code-space/QNX/qnx-sdk-project-20220228/FOR-PUBLIC/FOR_QNX_SDP/qnx700_sdp/target/qnx7/lib -L/home/xjf2613/code-space/QNX/qnx-sdk-project-20220228/FOR-PUBLIC/FOR_QNX_SDP/qnx700_sdp/target/qnx7/usr/lib -L /home/xjf2613/code-space/QNX/qnx-sdk-project-20220228/FOR-PUBLIC/FOR_QNX_SDP/qnx700_sdp/target/qnx7/aarch64le/lib/gcc/5.4.0 -L /home/xjf2613/code-space/QNX/qnx-sdk-project-20220228/FOR-PUBLIC/FOR_QNX_SDP/qnx700_sdp/target/qnx7/aarch64le/lib -L /home/xjf2613/code-space/QNX/qnx-sdk-project-20220228/FOR-PUBLIC/FOR_QNX_SDP/qnx700_sdp/target/qnx7/aarch64le/usr/lib -L /home/xjf2613/code-space/QNX/qnx-sdk-project-20220228/FOR-PUBLIC/FOR_QNX_SDP/qnx700_sdp/target/qnx7/aarch64le/opt/lib -rpath-link /home/xjf2613/code-space/QNX/qnx-sdk-project-20220228/FOR-PUBLIC/FOR_QNX_SDP/qnx700_sdp/target/qnx7/aarch64le/lib/gcc/5.4.0:/home/xjf2613/code-space/QNX/qnx-sdk-project-20220228/FOR-PUBLIC/FOR_QNX_SDP/qnx700_sdp/target/qnx7/aarch64le/lib:/home/xjf2613/code-space/QNX/qnx-sdk-project-20220228/FOR-PUBLIC/FOR_QNX_SDP/qnx700_sdp/target/qnx7/aarch64le/usr/lib:/home/xjf2613/code-space/QNX/qnx-sdk-project-20220228/FOR-PUBLIC/FOR_QNX_SDP/qnx700_sdp/target/qnx7/aarch64le/opt/lib CMakeFiles/cmTC_47532.dir/CMakeCCompilerABI.c.o -lgcc -lc -Bstatic -lcS -lgcc /home/xjf2613/code-space/QNX/qnx-sdk-project-20220228/FOR-PUBLIC/FOR_QNX_SDP/qnx700_sdp/host/linux/x86_64/usr/lib/gcc/aarch64-unknown-nto-qnx7.0.0/5.4.0/crtend.o /home/xjf2613/code-space/QNX/qnx-sdk-project-20220228/FOR-PUBLIC/FOR_QNX_SDP/qnx700_sdp/target/qnx7/aarch64le/lib/crtn.o]
    arg [/home/xjf2613/code-space/QNX/qnx-sdk-project-20220228/FOR-PUBLIC/FOR_QNX_SDP/qnx700_sdp/host/linux/x86_64/usr/lib/gcc/aarch64-unknown-nto-qnx7.0.0/5.4.0/collect2] ==> ignore
    arg [-plugin] ==> ignore
    arg [/home/xjf2613/code-space/QNX/qnx-sdk-project-20220228/FOR-PUBLIC/FOR_QNX_SDP/qnx700_sdp/host/linux/x86_64/usr/lib/gcc/aarch64-unknown-nto-qnx7.0.0/5.4.0/liblto_plugin.so] ==> ignore
    arg [-plugin-opt=/home/xjf2613/code-space/QNX/qnx-sdk-project-20220228/FOR-PUBLIC/FOR_QNX_SDP/qnx700_sdp/host/linux/x86_64/usr/lib/gcc/aarch64-unknown-nto-qnx7.0.0/5.4.0/lto-wrapper] ==> ignore
    arg [-plugin-opt=-fresolution=/tmp/ccKZdZqb.res] ==> ignore
    arg [-plugin-opt=-pass-through=-lgcc] ==> ignore
    arg [-plugin-opt=-pass-through=-lc] ==> ignore
    arg [-plugin-opt=-pass-through=-lcS] ==> ignore
    arg [-plugin-opt=-pass-through=-lgcc] ==> ignore
    arg [--sysroot=/home/xjf2613/code-space/QNX/qnx-sdk-project-20220228/FOR-PUBLIC/FOR_QNX_SDP/qnx700_sdp/target/qnx7] ==> ignore
    arg [--eh-frame-hdr] ==> ignore
    arg [-V] ==> ignore
    arg [--build-id=md5] ==> ignore
    arg [--warn-shared-textrel] ==> ignore
    arg [-zrelro] ==> ignore
    arg [-znow] ==> ignore
    arg [--dynamic-linker] ==> ignore
    arg [/usr/lib/ldqnx-64.so.2] ==> ignore
    arg [-X] ==> ignore
    arg [-EL] ==> ignore
    arg [-pie] ==> ignore
    arg [-o] ==> ignore
    arg [cmTC_47532] ==> ignore
    arg [/home/xjf2613/code-space/QNX/qnx-sdk-project-20220228/FOR-PUBLIC/FOR_QNX_SDP/qnx700_sdp/target/qnx7/aarch64le/lib/crt1.o] ==> obj [/home/xjf2613/code-space/QNX/qnx-sdk-project-20220228/FOR-PUBLIC/FOR_QNX_SDP/qnx700_sdp/target/qnx7/aarch64le/lib/crt1.o]
    arg [/home/xjf2613/code-space/QNX/qnx-sdk-project-20220228/FOR-PUBLIC/FOR_QNX_SDP/qnx700_sdp/target/qnx7/aarch64le/lib/crti.o] ==> obj [/home/xjf2613/code-space/QNX/qnx-sdk-project-20220228/FOR-PUBLIC/FOR_QNX_SDP/qnx700_sdp/target/qnx7/aarch64le/lib/crti.o]
    arg [/home/xjf2613/code-space/QNX/qnx-sdk-project-20220228/FOR-PUBLIC/FOR_QNX_SDP/qnx700_sdp/host/linux/x86_64/usr/lib/gcc/aarch64-unknown-nto-qnx7.0.0/5.4.0/crtbegin.o] ==> obj [/home/xjf2613/code-space/QNX/qnx-sdk-project-20220228/FOR-PUBLIC/FOR_QNX_SDP/qnx700_sdp/host/linux/x86_64/usr/lib/gcc/aarch64-unknown-nto-qnx7.0.0/5.4.0/crtbegin.o]
    arg [-L/home/xjf2613/code-space/QNX/qnx-sdk-project-20220228/FOR-PUBLIC/FOR_QNX_SDP/qnx700_sdp/host/linux/x86_64/usr/lib/gcc/aarch64-unknown-nto-qnx7.0.0/5.4.0] ==> dir [/home/xjf2613/code-space/QNX/qnx-sdk-project-20220228/FOR-PUBLIC/FOR_QNX_SDP/qnx700_sdp/host/linux/x86_64/usr/lib/gcc/aarch64-unknown-nto-qnx7.0.0/5.4.0]
    arg [-L/home/xjf2613/code-space/QNX/qnx-sdk-project-20220228/FOR-PUBLIC/FOR_QNX_SDP/qnx700_sdp/target/qnx7/lib] ==> dir [/home/xjf2613/code-space/QNX/qnx-sdk-project-20220228/FOR-PUBLIC/FOR_QNX_SDP/qnx700_sdp/target/qnx7/lib]
    arg [-L/home/xjf2613/code-space/QNX/qnx-sdk-project-20220228/FOR-PUBLIC/FOR_QNX_SDP/qnx700_sdp/target/qnx7/usr/lib] ==> dir [/home/xjf2613/code-space/QNX/qnx-sdk-project-20220228/FOR-PUBLIC/FOR_QNX_SDP/qnx700_sdp/target/qnx7/usr/lib]
    arg [-L/home/xjf2613/code-space/QNX/qnx-sdk-project-20220228/FOR-PUBLIC/FOR_QNX_SDP/qnx700_sdp/target/qnx7/aarch64le/lib/gcc/5.4.0] ==> dir [/home/xjf2613/code-space/QNX/qnx-sdk-project-20220228/FOR-PUBLIC/FOR_QNX_SDP/qnx700_sdp/target/qnx7/aarch64le/lib/gcc/5.4.0]
    arg [-L/home/xjf2613/code-space/QNX/qnx-sdk-project-20220228/FOR-PUBLIC/FOR_QNX_SDP/qnx700_sdp/target/qnx7/aarch64le/lib] ==> dir [/home/xjf2613/code-space/QNX/qnx-sdk-project-20220228/FOR-PUBLIC/FOR_QNX_SDP/qnx700_sdp/target/qnx7/aarch64le/lib]
    arg [-L/home/xjf2613/code-space/QNX/qnx-sdk-project-20220228/FOR-PUBLIC/FOR_QNX_SDP/qnx700_sdp/target/qnx7/aarch64le/usr/lib] ==> dir [/home/xjf2613/code-space/QNX/qnx-sdk-project-20220228/FOR-PUBLIC/FOR_QNX_SDP/qnx700_sdp/target/qnx7/aarch64le/usr/lib]
    arg [-L/home/xjf2613/code-space/QNX/qnx-sdk-project-20220228/FOR-PUBLIC/FOR_QNX_SDP/qnx700_sdp/target/qnx7/aarch64le/opt/lib] ==> dir [/home/xjf2613/code-space/QNX/qnx-sdk-project-20220228/FOR-PUBLIC/FOR_QNX_SDP/qnx700_sdp/target/qnx7/aarch64le/opt/lib]
    arg [-rpath-link] ==> ignore
    arg [/home/xjf2613/code-space/QNX/qnx-sdk-project-20220228/FOR-PUBLIC/FOR_QNX_SDP/qnx700_sdp/target/qnx7/aarch64le/lib/gcc/5.4.0:/home/xjf2613/code-space/QNX/qnx-sdk-project-20220228/FOR-PUBLIC/FOR_QNX_SDP/qnx700_sdp/target/qnx7/aarch64le/lib:/home/xjf2613/code-space/QNX/qnx-sdk-project-20220228/FOR-PUBLIC/FOR_QNX_SDP/qnx700_sdp/target/qnx7/aarch64le/usr/lib:/home/xjf2613/code-space/QNX/qnx-sdk-project-20220228/FOR-PUBLIC/FOR_QNX_SDP/qnx700_sdp/target/qnx7/aarch64le/opt/lib] ==> ignore
    arg [CMakeFiles/cmTC_47532.dir/CMakeCCompilerABI.c.o] ==> ignore
    arg [-lgcc] ==> lib [gcc]
    arg [-lc] ==> lib [c]
    arg [-Bstatic] ==> search static
    arg [-lcS] ==> lib [cS]
    arg [-lgcc] ==> lib [gcc]
    arg [/home/xjf2613/code-space/QNX/qnx-sdk-project-20220228/FOR-PUBLIC/FOR_QNX_SDP/qnx700_sdp/host/linux/x86_64/usr/lib/gcc/aarch64-unknown-nto-qnx7.0.0/5.4.0/crtend.o] ==> obj [/home/xjf2613/code-space/QNX/qnx-sdk-project-20220228/FOR-PUBLIC/FOR_QNX_SDP/qnx700_sdp/host/linux/x86_64/usr/lib/gcc/aarch64-unknown-nto-qnx7.0.0/5.4.0/crtend.o]
    arg [/home/xjf2613/code-space/QNX/qnx-sdk-project-20220228/FOR-PUBLIC/FOR_QNX_SDP/qnx700_sdp/target/qnx7/aarch64le/lib/crtn.o] ==> obj [/home/xjf2613/code-space/QNX/qnx-sdk-project-20220228/FOR-PUBLIC/FOR_QNX_SDP/qnx700_sdp/target/qnx7/aarch64le/lib/crtn.o]
  collapse library dir [/home/xjf2613/code-space/QNX/qnx-sdk-project-20220228/FOR-PUBLIC/FOR_QNX_SDP/qnx700_sdp/host/linux/x86_64/usr/lib/gcc/aarch64-unknown-nto-qnx7.0.0/5.4.0] ==> [/home/xjf2613/code-space/QNX/qnx-sdk-project-20220228/FOR-PUBLIC/FOR_QNX_SDP/qnx700_sdp/host/linux/x86_64/usr/lib/gcc/aarch64-unknown-nto-qnx7.0.0/5.4.0]
  collapse library dir [/home/xjf2613/code-space/QNX/qnx-sdk-project-20220228/FOR-PUBLIC/FOR_QNX_SDP/qnx700_sdp/target/qnx7/lib] ==> [/home/xjf2613/code-space/QNX/qnx-sdk-project-20220228/FOR-PUBLIC/FOR_QNX_SDP/qnx700_sdp/target/qnx7/lib]
  collapse library dir [/home/xjf2613/code-space/QNX/qnx-sdk-project-20220228/FOR-PUBLIC/FOR_QNX_SDP/qnx700_sdp/target/qnx7/usr/lib] ==> [/home/xjf2613/code-space/QNX/qnx-sdk-project-20220228/FOR-PUBLIC/FOR_QNX_SDP/qnx700_sdp/target/qnx7/usr/lib]
  collapse library dir [/home/xjf2613/code-space/QNX/qnx-sdk-project-20220228/FOR-PUBLIC/FOR_QNX_SDP/qnx700_sdp/target/qnx7/aarch64le/lib/gcc/5.4.0] ==> [/home/xjf2613/code-space/QNX/qnx-sdk-project-20220228/FOR-PUBLIC/FOR_QNX_SDP/qnx700_sdp/target/qnx7/aarch64le/lib/gcc/5.4.0]
  collapse library dir [/home/xjf2613/code-space/QNX/qnx-sdk-project-20220228/FOR-PUBLIC/FOR_QNX_SDP/qnx700_sdp/target/qnx7/aarch64le/lib] ==> [/home/xjf2613/code-space/QNX/qnx-sdk-project-20220228/FOR-PUBLIC/FOR_QNX_SDP/qnx700_sdp/target/qnx7/aarch64le/lib]
  collapse library dir [/home/xjf2613/code-space/QNX/qnx-sdk-project-20220228/FOR-PUBLIC/FOR_QNX_SDP/qnx700_sdp/target/qnx7/aarch64le/usr/lib] ==> [/home/xjf2613/code-space/QNX/qnx-sdk-project-20220228/FOR-PUBLIC/FOR_QNX_SDP/qnx700_sdp/target/qnx7/aarch64le/usr/lib]
  collapse library dir [/home/xjf2613/code-space/QNX/qnx-sdk-project-20220228/FOR-PUBLIC/FOR_QNX_SDP/qnx700_sdp/target/qnx7/aarch64le/opt/lib] ==> [/home/xjf2613/code-space/QNX/qnx-sdk-project-20220228/FOR-PUBLIC/FOR_QNX_SDP/qnx700_sdp/target/qnx7/aarch64le/opt/lib]
  implicit libs: [gcc;c;cS;gcc]
  implicit objs: [/home/xjf2613/code-space/QNX/qnx-sdk-project-20220228/FOR-PUBLIC/FOR_QNX_SDP/qnx700_sdp/target/qnx7/aarch64le/lib/crt1.o;/home/xjf2613/code-space/QNX/qnx-sdk-project-20220228/FOR-PUBLIC/FOR_QNX_SDP/qnx700_sdp/target/qnx7/aarch64le/lib/crti.o;/home/xjf2613/code-space/QNX/qnx-sdk-project-20220228/FOR-PUBLIC/FOR_QNX_SDP/qnx700_sdp/host/linux/x86_64/usr/lib/gcc/aarch64-unknown-nto-qnx7.0.0/5.4.0/crtbegin.o;/home/xjf2613/code-space/QNX/qnx-sdk-project-20220228/FOR-PUBLIC/FOR_QNX_SDP/qnx700_sdp/host/linux/x86_64/usr/lib/gcc/aarch64-unknown-nto-qnx7.0.0/5.4.0/crtend.o;/home/xjf2613/code-space/QNX/qnx-sdk-project-20220228/FOR-PUBLIC/FOR_QNX_SDP/qnx700_sdp/target/qnx7/aarch64le/lib/crtn.o]
  implicit dirs: [/home/xjf2613/code-space/QNX/qnx-sdk-project-20220228/FOR-PUBLIC/FOR_QNX_SDP/qnx700_sdp/host/linux/x86_64/usr/lib/gcc/aarch64-unknown-nto-qnx7.0.0/5.4.0;/home/xjf2613/code-space/QNX/qnx-sdk-project-20220228/FOR-PUBLIC/FOR_QNX_SDP/qnx700_sdp/target/qnx7/lib;/home/xjf2613/code-space/QNX/qnx-sdk-project-20220228/FOR-PUBLIC/FOR_QNX_SDP/qnx700_sdp/target/qnx7/usr/lib;/home/xjf2613/code-space/QNX/qnx-sdk-project-20220228/FOR-PUBLIC/FOR_QNX_SDP/qnx700_sdp/target/qnx7/aarch64le/lib/gcc/5.4.0;/home/xjf2613/code-space/QNX/qnx-sdk-project-20220228/FOR-PUBLIC/FOR_QNX_SDP/qnx700_sdp/target/qnx7/aarch64le/lib;/home/xjf2613/code-space/QNX/qnx-sdk-project-20220228/FOR-PUBLIC/FOR_QNX_SDP/qnx700_sdp/target/qnx7/aarch64le/usr/lib;/home/xjf2613/code-space/QNX/qnx-sdk-project-20220228/FOR-PUBLIC/FOR_QNX_SDP/qnx700_sdp/target/qnx7/aarch64le/opt/lib]
  implicit fwks: []


Detecting CXX compiler ABI info compiled with the following output:
Change Dir: /home/xjf2613/code-space/QNX/qnx-sdk-project-20220228/pe-hezhong_ep40/src-tool/cmake/build/CMakeFiles/CMakeTmp

Run Build Command(s):/home/xjf2613/code-space/QNX/qnx-sdk-project-20220228/FOR-PUBLIC/FOR_QNX_SDP/qnx700_sdp/host/linux/x86_64/usr/bin/make -f Makefile cmTC_9871b/fast && /home/xjf2613/code-space/QNX/qnx-sdk-project-20220228/FOR-PUBLIC/FOR_QNX_SDP/qnx700_sdp/host/linux/x86_64/usr/bin/make  -f CMakeFiles/cmTC_9871b.dir/build.make CMakeFiles/cmTC_9871b.dir/build
make[1]: Entering directory '/home/xjf2613/code-space/QNX/qnx-sdk-project-20220228/pe-hezhong_ep40/src-tool/cmake/build/CMakeFiles/CMakeTmp'
Building CXX object CMakeFiles/cmTC_9871b.dir/CMakeCXXCompilerABI.cpp.o
/home/xjf2613/code-space/QNX/qnx-sdk-project-20220228/FOR-PUBLIC/FOR_QNX_SDP/qnx700_sdp/host/linux/x86_64/usr/bin/aarch64-unknown-nto-qnx7.0.0-g++-5.4.0 --sysroot=/home/xjf2613/code-space/QNX/qnx-sdk-project-20220228/FOR-PUBLIC/FOR_QNX_SDP/qnx700_sdp/target/qnx7   -v -o CMakeFiles/cmTC_9871b.dir/CMakeCXXCompilerABI.cpp.o -c /home/xjf2613/soft/cmake/cmake-3.23.0-linux-x86_64/share/cmake-3.23/Modules/CMakeCXXCompilerABI.cpp
Using built-in specs.
COLLECT_GCC=/home/xjf2613/code-space/QNX/qnx-sdk-project-20220228/FOR-PUBLIC/FOR_QNX_SDP/qnx700_sdp/host/linux/x86_64/usr/bin/aarch64-unknown-nto-qnx7.0.0-g++-5.4.0
Target: aarch64-unknown-nto-qnx7.0.0
Configured with: ../configure --srcdir=.. --with-as=aarch64-unknown-nto-qnx7.0.0-as --with-ld=aarch64-unknown-nto-qnx7.0.0-ld --enable-gnu-indirect-function=yes --enable-cxx-flags=-stdlib=libstdc++ --enable-cheaders=c_global --enable-initfini-array --enable-default-pie --with-sysroot=/opt/qnx700/target/qnx7/ --disable-werror --libdir=/opt/qnx700/host/linux/x86_64/usr/lib --libexecdir=/opt/qnx700/host/linux/x86_64/usr/lib --target=aarch64-unknown-nto-qnx7.0.0 --prefix=/opt/qnx700/host/linux/x86_64/usr --exec-prefix=/opt/qnx700/host/linux/x86_64/usr --with-local-prefix=/opt/qnx700/host/linux/x86_64/usr --enable-languages=c++ --enable-threads=posix --disable-nls --disable-tls --disable-libssp --disable-libstdcxx-pch --enable-libgomp --enable-__cxa_atexit --with-gxx-include-dir=/opt/qnx700/target/qnx7/usr/include/c++/5.4.0 --enable-shared --enable-multilib --with-bugurl=http://www.qnx.com --enable-stack-protector CC=x86_64-unknown-linux-gnu-gcc CFLAGS='-O2 -m64' LDFLAGS='-Wl,-s ' CXX=x86_64-unknown-linux-gnu-g++ CXXFLAGS='-O2 -m64' AUTOMAKE=: AUTOCONF=: AUTOHEADER=: AUTORECONF=: ACLOCAL=:
Thread model: posix
gcc version 5.4.0 [qnx700 1234] (GCC) 
COLLECT_GCC_OPTIONS='-v' '-o' 'CMakeFiles/cmTC_9871b.dir/CMakeCXXCompilerABI.cpp.o' '-c' '-mlittle-endian' '-mabi=lp64'
 /home/xjf2613/code-space/QNX/qnx-sdk-project-20220228/FOR-PUBLIC/FOR_QNX_SDP/qnx700_sdp/host/linux/x86_64/usr/lib/gcc/aarch64-unknown-nto-qnx7.0.0/5.4.0/cc1plus -quiet -v -isysroot /home/xjf2613/code-space/QNX/qnx-sdk-project-20220228/FOR-PUBLIC/FOR_QNX_SDP/qnx700_sdp/target/qnx7 -isystem /home/xjf2613/code-space/QNX/qnx-sdk-project-20220228/FOR-PUBLIC/FOR_QNX_SDP/qnx700_sdp/host/linux/x86_64/usr/lib/gcc/aarch64-unknown-nto-qnx7.0.0/5.4.0/include -isysroot /home/xjf2613/code-space/QNX/qnx-sdk-project-20220228/FOR-PUBLIC/FOR_QNX_SDP/qnx700_sdp/target/qnx7/ -D__LITTLEENDIAN__ -D__AARCH64EL__ -isystem /home/xjf2613/code-space/QNX/qnx-sdk-project-20220228/FOR-PUBLIC/FOR_QNX_SDP/qnx700_sdp/target/qnx7/usr/include/c++/v1 /home/xjf2613/soft/cmake/cmake-3.23.0-linux-x86_64/share/cmake-3.23/Modules/CMakeCXXCompilerABI.cpp -mlittle-endian -quiet -dumpbase CMakeCXXCompilerABI.cpp -mlittle-endian -mabi=lp64 -auxbase-strip CMakeFiles/cmTC_9871b.dir/CMakeCXXCompilerABI.cpp.o -version -fstack-protector-strong -o /tmp/ccIv1dzK.s
GNU C++ (GCC) version 5.4.0 [qnx700 1234] (aarch64-unknown-nto-qnx7.0.0)
	compiled by GNU C version 5.2.0, GMP version 6.1.0, MPFR version 3.1.3, MPC version 1.0.3
GGC heuristics: --param ggc-min-expand=100 --param ggc-min-heapsize=131072
ignoring nonexistent directory "/opt/qnx700/host/linux/x86_64/usr/lib/gcc/aarch64-unknown-nto-qnx7.0.0/5.4.0/include"
ignoring nonexistent directory "/home/xjf2613/code-space/QNX/qnx-sdk-project-20220228/FOR-PUBLIC/FOR_QNX_SDP/qnx700_sdp/target/qnx7/opt/qnx700/host/linux/x86_64/usr/include"
ignoring nonexistent directory "/opt/qnx700/host/linux/x86_64/usr/lib/gcc/aarch64-unknown-nto-qnx7.0.0/5.4.0/include-fixed"
ignoring nonexistent directory "/opt/qnx700/host/linux/x86_64/usr/aarch64-unknown-nto-qnx7.0.0/include"
#include "..." search starts here:
#include <...> search starts here:
 /home/xjf2613/code-space/QNX/qnx-sdk-project-20220228/FOR-PUBLIC/FOR_QNX_SDP/qnx700_sdp/host/linux/x86_64/usr/lib/gcc/aarch64-unknown-nto-qnx7.0.0/5.4.0/include
 /home/xjf2613/code-space/QNX/qnx-sdk-project-20220228/FOR-PUBLIC/FOR_QNX_SDP/qnx700_sdp/target/qnx7/usr/include/c++/v1
 /home/xjf2613/code-space/QNX/qnx-sdk-project-20220228/FOR-PUBLIC/FOR_QNX_SDP/qnx700_sdp/target/qnx7/usr/include
End of search list.
GNU C++ (GCC) version 5.4.0 [qnx700 1234] (aarch64-unknown-nto-qnx7.0.0)
	compiled by GNU C version 5.2.0, GMP version 6.1.0, MPFR version 3.1.3, MPC version 1.0.3
GGC heuristics: --param ggc-min-expand=100 --param ggc-min-heapsize=131072
Compiler executable checksum: 6d0cdb77ad358d0a35e84be9004025bd
COLLECT_GCC_OPTIONS='-v' '-o' 'CMakeFiles/cmTC_9871b.dir/CMakeCXXCompilerABI.cpp.o' '-c' '-mlittle-endian' '-mabi=lp64'
 /home/xjf2613/code-space/QNX/qnx-sdk-project-20220228/FOR-PUBLIC/FOR_QNX_SDP/qnx700_sdp/host/linux/x86_64/usr/bin/aarch64-unknown-nto-qnx7.0.0-as -v -EL -mabi=lp64 -o CMakeFiles/cmTC_9871b.dir/CMakeCXXCompilerABI.cpp.o /tmp/ccIv1dzK.s
GNU assembler version 2.25.1 (aarch64-unknown-nto-qnx7.0.0) using BFD version (GNU Binutils) 2.25.1 [qnx700 r1234]
COMPILER_PATH=/home/xjf2613/code-space/QNX/qnx-sdk-project-20220228/FOR-PUBLIC/FOR_QNX_SDP/qnx700_sdp/host/linux/x86_64/usr/bin/:/home/xjf2613/code-space/QNX/qnx-sdk-project-20220228/FOR-PUBLIC/FOR_QNX_SDP/qnx700_sdp/host/linux/x86_64/usr/lib/gcc/aarch64-unknown-nto-qnx7.0.0/5.4.0/:/home/xjf2613/code-space/QNX/qnx-sdk-project-20220228/FOR-PUBLIC/FOR_QNX_SDP/qnx700_sdp/host/linux/x86_64/usr/lib/gcc/aarch64-unknown-nto-qnx7.0.0/5.4.0/:/home/xjf2613/code-space/QNX/qnx-sdk-project-20220228/FOR-PUBLIC/FOR_QNX_SDP/qnx700_sdp/host/linux/x86_64/usr/lib/gcc/aarch64-unknown-nto-qnx7.0.0/:/home/xjf2613/code-space/QNX/qnx-sdk-project-20220228/FOR-PUBLIC/FOR_QNX_SDP/qnx700_sdp/host/linux/x86_64/usr/lib/gcc/aarch64-unknown-nto-qnx7.0.0/5.4.0/:/home/xjf2613/code-space/QNX/qnx-sdk-project-20220228/FOR-PUBLIC/FOR_QNX_SDP/qnx700_sdp/host/linux/x86_64/usr/lib/gcc/aarch64-unknown-nto-qnx7.0.0/
LIBRARY_PATH=/home/xjf2613/code-space/QNX/qnx-sdk-project-20220228/FOR-PUBLIC/FOR_QNX_SDP/qnx700_sdp/host/linux/x86_64/usr/lib/gcc/aarch64-unknown-nto-qnx7.0.0/5.4.0/:/home/xjf2613/code-space/QNX/qnx-sdk-project-20220228/FOR-PUBLIC/FOR_QNX_SDP/qnx700_sdp/target/qnx7/lib/:/home/xjf2613/code-space/QNX/qnx-sdk-project-20220228/FOR-PUBLIC/FOR_QNX_SDP/qnx700_sdp/target/qnx7/usr/lib/
COLLECT_GCC_OPTIONS='-v' '-o' 'CMakeFiles/cmTC_9871b.dir/CMakeCXXCompilerABI.cpp.o' '-c' '-mlittle-endian' '-mabi=lp64'
Linking CXX executable cmTC_9871b
/home/xjf2613/soft/cmake/cmake-3.23.0-linux-x86_64/bin/cmake -E cmake_link_script CMakeFiles/cmTC_9871b.dir/link.txt --verbose=1
/home/xjf2613/code-space/QNX/qnx-sdk-project-20220228/FOR-PUBLIC/FOR_QNX_SDP/qnx700_sdp/host/linux/x86_64/usr/bin/aarch64-unknown-nto-qnx7.0.0-g++-5.4.0 --sysroot=/home/xjf2613/code-space/QNX/qnx-sdk-project-20220228/FOR-PUBLIC/FOR_QNX_SDP/qnx700_sdp/target/qnx7  -v CMakeFiles/cmTC_9871b.dir/CMakeCXXCompilerABI.cpp.o -o cmTC_9871b 
Using built-in specs.
COLLECT_GCC=/home/xjf2613/code-space/QNX/qnx-sdk-project-20220228/FOR-PUBLIC/FOR_QNX_SDP/qnx700_sdp/host/linux/x86_64/usr/bin/aarch64-unknown-nto-qnx7.0.0-g++-5.4.0
COLLECT_LTO_WRAPPER=/home/xjf2613/code-space/QNX/qnx-sdk-project-20220228/FOR-PUBLIC/FOR_QNX_SDP/qnx700_sdp/host/linux/x86_64/usr/lib/gcc/aarch64-unknown-nto-qnx7.0.0/5.4.0/lto-wrapper
Target: aarch64-unknown-nto-qnx7.0.0
Configured with: ../configure --srcdir=.. --with-as=aarch64-unknown-nto-qnx7.0.0-as --with-ld=aarch64-unknown-nto-qnx7.0.0-ld --enable-gnu-indirect-function=yes --enable-cxx-flags=-stdlib=libstdc++ --enable-cheaders=c_global --enable-initfini-array --enable-default-pie --with-sysroot=/opt/qnx700/target/qnx7/ --disable-werror --libdir=/opt/qnx700/host/linux/x86_64/usr/lib --libexecdir=/opt/qnx700/host/linux/x86_64/usr/lib --target=aarch64-unknown-nto-qnx7.0.0 --prefix=/opt/qnx700/host/linux/x86_64/usr --exec-prefix=/opt/qnx700/host/linux/x86_64/usr --with-local-prefix=/opt/qnx700/host/linux/x86_64/usr --enable-languages=c++ --enable-threads=posix --disable-nls --disable-tls --disable-libssp --disable-libstdcxx-pch --enable-libgomp --enable-__cxa_atexit --with-gxx-include-dir=/opt/qnx700/target/qnx7/usr/include/c++/5.4.0 --enable-shared --enable-multilib --with-bugurl=http://www.qnx.com --enable-stack-protector CC=x86_64-unknown-linux-gnu-gcc CFLAGS='-O2 -m64' LDFLAGS='-Wl,-s ' CXX=x86_64-unknown-linux-gnu-g++ CXXFLAGS='-O2 -m64' AUTOMAKE=: AUTOCONF=: AUTOHEADER=: AUTORECONF=: ACLOCAL=:
Thread model: posix
gcc version 5.4.0 [qnx700 1234] (GCC) 
COMPILER_PATH=/home/xjf2613/code-space/QNX/qnx-sdk-project-20220228/FOR-PUBLIC/FOR_QNX_SDP/qnx700_sdp/host/linux/x86_64/usr/bin/:/home/xjf2613/code-space/QNX/qnx-sdk-project-20220228/FOR-PUBLIC/FOR_QNX_SDP/qnx700_sdp/host/linux/x86_64/usr/lib/gcc/aarch64-unknown-nto-qnx7.0.0/5.4.0/:/home/xjf2613/code-space/QNX/qnx-sdk-project-20220228/FOR-PUBLIC/FOR_QNX_SDP/qnx700_sdp/host/linux/x86_64/usr/lib/gcc/aarch64-unknown-nto-qnx7.0.0/5.4.0/:/home/xjf2613/code-space/QNX/qnx-sdk-project-20220228/FOR-PUBLIC/FOR_QNX_SDP/qnx700_sdp/host/linux/x86_64/usr/lib/gcc/aarch64-unknown-nto-qnx7.0.0/:/home/xjf2613/code-space/QNX/qnx-sdk-project-20220228/FOR-PUBLIC/FOR_QNX_SDP/qnx700_sdp/host/linux/x86_64/usr/lib/gcc/aarch64-unknown-nto-qnx7.0.0/5.4.0/:/home/xjf2613/code-space/QNX/qnx-sdk-project-20220228/FOR-PUBLIC/FOR_QNX_SDP/qnx700_sdp/host/linux/x86_64/usr/lib/gcc/aarch64-unknown-nto-qnx7.0.0/
LIBRARY_PATH=/home/xjf2613/code-space/QNX/qnx-sdk-project-20220228/FOR-PUBLIC/FOR_QNX_SDP/qnx700_sdp/host/linux/x86_64/usr/lib/gcc/aarch64-unknown-nto-qnx7.0.0/5.4.0/:/home/xjf2613/code-space/QNX/qnx-sdk-project-20220228/FOR-PUBLIC/FOR_QNX_SDP/qnx700_sdp/target/qnx7/lib/:/home/xjf2613/code-space/QNX/qnx-sdk-project-20220228/FOR-PUBLIC/FOR_QNX_SDP/qnx700_sdp/target/qnx7/usr/lib/
COLLECT_GCC_OPTIONS='-v' '-o' 'cmTC_9871b' '-mlittle-endian' '-mabi=lp64'
 /home/xjf2613/code-space/QNX/qnx-sdk-project-20220228/FOR-PUBLIC/FOR_QNX_SDP/qnx700_sdp/host/linux/x86_64/usr/lib/gcc/aarch64-unknown-nto-qnx7.0.0/5.4.0/collect2 -plugin /home/xjf2613/code-space/QNX/qnx-sdk-project-20220228/FOR-PUBLIC/FOR_QNX_SDP/qnx700_sdp/host/linux/x86_64/usr/lib/gcc/aarch64-unknown-nto-qnx7.0.0/5.4.0/liblto_plugin.so -plugin-opt=/home/xjf2613/code-space/QNX/qnx-sdk-project-20220228/FOR-PUBLIC/FOR_QNX_SDP/qnx700_sdp/host/linux/x86_64/usr/lib/gcc/aarch64-unknown-nto-qnx7.0.0/5.4.0/lto-wrapper -plugin-opt=-fresolution=/tmp/ccav3eFb.res -plugin-opt=-pass-through=-lgcc -plugin-opt=-pass-through=-lc -plugin-opt=-pass-through=-lcS -plugin-opt=-pass-through=-lgcc --sysroot=/home/xjf2613/code-space/QNX/qnx-sdk-project-20220228/FOR-PUBLIC/FOR_QNX_SDP/qnx700_sdp/target/qnx7 --eh-frame-hdr -V --build-id=md5 --warn-shared-textrel -zrelro -znow --dynamic-linker /usr/lib/ldqnx-64.so.2 -X -EL -pie -o cmTC_9871b /home/xjf2613/code-space/QNX/qnx-sdk-project-20220228/FOR-PUBLIC/FOR_QNX_SDP/qnx700_sdp/target/qnx7/aarch64le/lib/crt1.o /home/xjf2613/code-space/QNX/qnx-sdk-project-20220228/FOR-PUBLIC/FOR_QNX_SDP/qnx700_sdp/target/qnx7/aarch64le/lib/crti.o /home/xjf2613/code-space/QNX/qnx-sdk-project-20220228/FOR-PUBLIC/FOR_QNX_SDP/qnx700_sdp/host/linux/x86_64/usr/lib/gcc/aarch64-unknown-nto-qnx7.0.0/5.4.0/crtbegin.o -L/home/xjf2613/code-space/QNX/qnx-sdk-project-20220228/FOR-PUBLIC/FOR_QNX_SDP/qnx700_sdp/host/linux/x86_64/usr/lib/gcc/aarch64-unknown-nto-qnx7.0.0/5.4.0 -L/home/xjf2613/code-space/QNX/qnx-sdk-project-20220228/FOR-PUBLIC/FOR_QNX_SDP/qnx700_sdp/target/qnx7/lib -L/home/xjf2613/code-space/QNX/qnx-sdk-project-20220228/FOR-PUBLIC/FOR_QNX_SDP/qnx700_sdp/target/qnx7/usr/lib -L /home/xjf2613/code-space/QNX/qnx-sdk-project-20220228/FOR-PUBLIC/FOR_QNX_SDP/qnx700_sdp/target/qnx7/aarch64le/lib/gcc/5.4.0 -L /home/xjf2613/code-space/QNX/qnx-sdk-project-20220228/FOR-PUBLIC/FOR_QNX_SDP/qnx700_sdp/target/qnx7/aarch64le/lib -L /home/xjf2613/code-space/QNX/qnx-sdk-project-20220228/FOR-PUBLIC/FOR_QNX_SDP/qnx700_sdp/target/qnx7/aarch64le/usr/lib -L /home/xjf2613/code-space/QNX/qnx-sdk-project-20220228/FOR-PUBLIC/FOR_QNX_SDP/qnx700_sdp/target/qnx7/aarch64le/opt/lib -rpath-link /home/xjf2613/code-space/QNX/qnx-sdk-project-20220228/FOR-PUBLIC/FOR_QNX_SDP/qnx700_sdp/target/qnx7/aarch64le/lib/gcc/5.4.0:/home/xjf2613/code-space/QNX/qnx-sdk-project-20220228/FOR-PUBLIC/FOR_QNX_SDP/qnx700_sdp/target/qnx7/aarch64le/lib:/home/xjf2613/code-space/QNX/qnx-sdk-project-20220228/FOR-PUBLIC/FOR_QNX_SDP/qnx700_sdp/target/qnx7/aarch64le/usr/lib:/home/xjf2613/code-space/QNX/qnx-sdk-project-20220228/FOR-PUBLIC/FOR_QNX_SDP/qnx700_sdp/target/qnx7/aarch64le/opt/lib CMakeFiles/cmTC_9871b.dir/CMakeCXXCompilerABI.cpp.o -lc++ -lm -lgcc -lc -Bstatic -lcS -lgcc /home/xjf2613/code-space/QNX/qnx-sdk-project-20220228/FOR-PUBLIC/FOR_QNX_SDP/qnx700_sdp/host/linux/x86_64/usr/lib/gcc/aarch64-unknown-nto-qnx7.0.0/5.4.0/crtend.o /home/xjf2613/code-space/QNX/qnx-sdk-project-20220228/FOR-PUBLIC/FOR_QNX_SDP/qnx700_sdp/target/qnx7/aarch64le/lib/crtn.o
GNU ld (GNU Binutils) 2.25.1 [qnx700 r1234]
  Supported emulations:
   aarch64nto
   aarch64elf
   aarch64elf32
   aarch64elf32b
   aarch64elfb
   armelf
   armelfb
make[1]: Leaving directory '/home/xjf2613/code-space/QNX/qnx-sdk-project-20220228/pe-hezhong_ep40/src-tool/cmake/build/CMakeFiles/CMakeTmp'



Parsed CXX implicit include dir info from above output: rv=done
  found start of include info
  found start of implicit include info
    add: [/home/xjf2613/code-space/QNX/qnx-sdk-project-20220228/FOR-PUBLIC/FOR_QNX_SDP/qnx700_sdp/host/linux/x86_64/usr/lib/gcc/aarch64-unknown-nto-qnx7.0.0/5.4.0/include]
    add: [/home/xjf2613/code-space/QNX/qnx-sdk-project-20220228/FOR-PUBLIC/FOR_QNX_SDP/qnx700_sdp/target/qnx7/usr/include/c++/v1]
    add: [/home/xjf2613/code-space/QNX/qnx-sdk-project-20220228/FOR-PUBLIC/FOR_QNX_SDP/qnx700_sdp/target/qnx7/usr/include]
  end of search list found
  collapse include dir [/home/xjf2613/code-space/QNX/qnx-sdk-project-20220228/FOR-PUBLIC/FOR_QNX_SDP/qnx700_sdp/host/linux/x86_64/usr/lib/gcc/aarch64-unknown-nto-qnx7.0.0/5.4.0/include] ==> [/home/xjf2613/code-space/QNX/qnx-sdk-project-20220228/FOR-PUBLIC/FOR_QNX_SDP/qnx700_sdp/host/linux/x86_64/usr/lib/gcc/aarch64-unknown-nto-qnx7.0.0/5.4.0/include]
  collapse include dir [/home/xjf2613/code-space/QNX/qnx-sdk-project-20220228/FOR-PUBLIC/FOR_QNX_SDP/qnx700_sdp/target/qnx7/usr/include/c++/v1] ==> [/home/xjf2613/code-space/QNX/qnx-sdk-project-20220228/FOR-PUBLIC/FOR_QNX_SDP/qnx700_sdp/target/qnx7/usr/include/c++/v1]
  collapse include dir [/home/xjf2613/code-space/QNX/qnx-sdk-project-20220228/FOR-PUBLIC/FOR_QNX_SDP/qnx700_sdp/target/qnx7/usr/include] ==> [/home/xjf2613/code-space/QNX/qnx-sdk-project-20220228/FOR-PUBLIC/FOR_QNX_SDP/qnx700_sdp/target/qnx7/usr/include]
  implicit include dirs: [/home/xjf2613/code-space/QNX/qnx-sdk-project-20220228/FOR-PUBLIC/FOR_QNX_SDP/qnx700_sdp/host/linux/x86_64/usr/lib/gcc/aarch64-unknown-nto-qnx7.0.0/5.4.0/include;/home/xjf2613/code-space/QNX/qnx-sdk-project-20220228/FOR-PUBLIC/FOR_QNX_SDP/qnx700_sdp/target/qnx7/usr/include/c++/v1;/home/xjf2613/code-space/QNX/qnx-sdk-project-20220228/FOR-PUBLIC/FOR_QNX_SDP/qnx700_sdp/target/qnx7/usr/include]


Parsed CXX implicit link information from above output:
  link line regex: [^( *|.*[/\])(aarch64-unknown-nto-qnx7\.0\.0-ld|CMAKE_LINK_STARTFILE-NOTFOUND|([^/\]+-)?ld|collect2)[^/\]*( |$)]
  ignore line: [Change Dir: /home/xjf2613/code-space/QNX/qnx-sdk-project-20220228/pe-hezhong_ep40/src-tool/cmake/build/CMakeFiles/CMakeTmp]
  ignore line: []
  ignore line: [Run Build Command(s):/home/xjf2613/code-space/QNX/qnx-sdk-project-20220228/FOR-PUBLIC/FOR_QNX_SDP/qnx700_sdp/host/linux/x86_64/usr/bin/make -f Makefile cmTC_9871b/fast && /home/xjf2613/code-space/QNX/qnx-sdk-project-20220228/FOR-PUBLIC/FOR_QNX_SDP/qnx700_sdp/host/linux/x86_64/usr/bin/make  -f CMakeFiles/cmTC_9871b.dir/build.make CMakeFiles/cmTC_9871b.dir/build]
  ignore line: [make[1]: Entering directory '/home/xjf2613/code-space/QNX/qnx-sdk-project-20220228/pe-hezhong_ep40/src-tool/cmake/build/CMakeFiles/CMakeTmp']
  ignore line: [Building CXX object CMakeFiles/cmTC_9871b.dir/CMakeCXXCompilerABI.cpp.o]
  ignore line: [/home/xjf2613/code-space/QNX/qnx-sdk-project-20220228/FOR-PUBLIC/FOR_QNX_SDP/qnx700_sdp/host/linux/x86_64/usr/bin/aarch64-unknown-nto-qnx7.0.0-g++-5.4.0 --sysroot=/home/xjf2613/code-space/QNX/qnx-sdk-project-20220228/FOR-PUBLIC/FOR_QNX_SDP/qnx700_sdp/target/qnx7   -v -o CMakeFiles/cmTC_9871b.dir/CMakeCXXCompilerABI.cpp.o -c /home/xjf2613/soft/cmake/cmake-3.23.0-linux-x86_64/share/cmake-3.23/Modules/CMakeCXXCompilerABI.cpp]
  ignore line: [Using built-in specs.]
  ignore line: [COLLECT_GCC=/home/xjf2613/code-space/QNX/qnx-sdk-project-20220228/FOR-PUBLIC/FOR_QNX_SDP/qnx700_sdp/host/linux/x86_64/usr/bin/aarch64-unknown-nto-qnx7.0.0-g++-5.4.0]
  ignore line: [Target: aarch64-unknown-nto-qnx7.0.0]
  ignore line: [Configured with: ../configure --srcdir=.. --with-as=aarch64-unknown-nto-qnx7.0.0-as --with-ld=aarch64-unknown-nto-qnx7.0.0-ld --enable-gnu-indirect-function=yes --enable-cxx-flags=-stdlib=libstdc++ --enable-cheaders=c_global --enable-initfini-array --enable-default-pie --with-sysroot=/opt/qnx700/target/qnx7/ --disable-werror --libdir=/opt/qnx700/host/linux/x86_64/usr/lib --libexecdir=/opt/qnx700/host/linux/x86_64/usr/lib --target=aarch64-unknown-nto-qnx7.0.0 --prefix=/opt/qnx700/host/linux/x86_64/usr --exec-prefix=/opt/qnx700/host/linux/x86_64/usr --with-local-prefix=/opt/qnx700/host/linux/x86_64/usr --enable-languages=c++ --enable-threads=posix --disable-nls --disable-tls --disable-libssp --disable-libstdcxx-pch --enable-libgomp --enable-__cxa_atexit --with-gxx-include-dir=/opt/qnx700/target/qnx7/usr/include/c++/5.4.0 --enable-shared --enable-multilib --with-bugurl=http://www.qnx.com --enable-stack-protector CC=x86_64-unknown-linux-gnu-gcc CFLAGS='-O2 -m64' LDFLAGS='-Wl,-s ' CXX=x86_64-unknown-linux-gnu-g++ CXXFLAGS='-O2 -m64' AUTOMAKE=: AUTOCONF=: AUTOHEADER=: AUTORECONF=: ACLOCAL=:]
  ignore line: [Thread model: posix]
  ignore line: [gcc version 5.4.0 [qnx700 1234] (GCC) ]
  ignore line: [COLLECT_GCC_OPTIONS='-v' '-o' 'CMakeFiles/cmTC_9871b.dir/CMakeCXXCompilerABI.cpp.o' '-c' '-mlittle-endian' '-mabi=lp64']
  ignore line: [ /home/xjf2613/code-space/QNX/qnx-sdk-project-20220228/FOR-PUBLIC/FOR_QNX_SDP/qnx700_sdp/host/linux/x86_64/usr/lib/gcc/aarch64-unknown-nto-qnx7.0.0/5.4.0/cc1plus -quiet -v -isysroot /home/xjf2613/code-space/QNX/qnx-sdk-project-20220228/FOR-PUBLIC/FOR_QNX_SDP/qnx700_sdp/target/qnx7 -isystem /home/xjf2613/code-space/QNX/qnx-sdk-project-20220228/FOR-PUBLIC/FOR_QNX_SDP/qnx700_sdp/host/linux/x86_64/usr/lib/gcc/aarch64-unknown-nto-qnx7.0.0/5.4.0/include -isysroot /home/xjf2613/code-space/QNX/qnx-sdk-project-20220228/FOR-PUBLIC/FOR_QNX_SDP/qnx700_sdp/target/qnx7/ -D__LITTLEENDIAN__ -D__AARCH64EL__ -isystem /home/xjf2613/code-space/QNX/qnx-sdk-project-20220228/FOR-PUBLIC/FOR_QNX_SDP/qnx700_sdp/target/qnx7/usr/include/c++/v1 /home/xjf2613/soft/cmake/cmake-3.23.0-linux-x86_64/share/cmake-3.23/Modules/CMakeCXXCompilerABI.cpp -mlittle-endian -quiet -dumpbase CMakeCXXCompilerABI.cpp -mlittle-endian -mabi=lp64 -auxbase-strip CMakeFiles/cmTC_9871b.dir/CMakeCXXCompilerABI.cpp.o -version -fstack-protector-strong -o /tmp/ccIv1dzK.s]
  ignore line: [GNU C++ (GCC) version 5.4.0 [qnx700 1234] (aarch64-unknown-nto-qnx7.0.0)]
  ignore line: [	compiled by GNU C version 5.2.0  GMP version 6.1.0  MPFR version 3.1.3  MPC version 1.0.3]
  ignore line: [GGC heuristics: --param ggc-min-expand=100 --param ggc-min-heapsize=131072]
  ignore line: [ignoring nonexistent directory "/opt/qnx700/host/linux/x86_64/usr/lib/gcc/aarch64-unknown-nto-qnx7.0.0/5.4.0/include"]
  ignore line: [ignoring nonexistent directory "/home/xjf2613/code-space/QNX/qnx-sdk-project-20220228/FOR-PUBLIC/FOR_QNX_SDP/qnx700_sdp/target/qnx7/opt/qnx700/host/linux/x86_64/usr/include"]
  ignore line: [ignoring nonexistent directory "/opt/qnx700/host/linux/x86_64/usr/lib/gcc/aarch64-unknown-nto-qnx7.0.0/5.4.0/include-fixed"]
  ignore line: [ignoring nonexistent directory "/opt/qnx700/host/linux/x86_64/usr/aarch64-unknown-nto-qnx7.0.0/include"]
  ignore line: [#include "..." search starts here:]
  ignore line: [#include <...> search starts here:]
  ignore line: [ /home/xjf2613/code-space/QNX/qnx-sdk-project-20220228/FOR-PUBLIC/FOR_QNX_SDP/qnx700_sdp/host/linux/x86_64/usr/lib/gcc/aarch64-unknown-nto-qnx7.0.0/5.4.0/include]
  ignore line: [ /home/xjf2613/code-space/QNX/qnx-sdk-project-20220228/FOR-PUBLIC/FOR_QNX_SDP/qnx700_sdp/target/qnx7/usr/include/c++/v1]
  ignore line: [ /home/xjf2613/code-space/QNX/qnx-sdk-project-20220228/FOR-PUBLIC/FOR_QNX_SDP/qnx700_sdp/target/qnx7/usr/include]
  ignore line: [End of search list.]
  ignore line: [GNU C++ (GCC) version 5.4.0 [qnx700 1234] (aarch64-unknown-nto-qnx7.0.0)]
  ignore line: [	compiled by GNU C version 5.2.0  GMP version 6.1.0  MPFR version 3.1.3  MPC version 1.0.3]
  ignore line: [GGC heuristics: --param ggc-min-expand=100 --param ggc-min-heapsize=131072]
  ignore line: [Compiler executable checksum: 6d0cdb77ad358d0a35e84be9004025bd]
  ignore line: [COLLECT_GCC_OPTIONS='-v' '-o' 'CMakeFiles/cmTC_9871b.dir/CMakeCXXCompilerABI.cpp.o' '-c' '-mlittle-endian' '-mabi=lp64']
  ignore line: [ /home/xjf2613/code-space/QNX/qnx-sdk-project-20220228/FOR-PUBLIC/FOR_QNX_SDP/qnx700_sdp/host/linux/x86_64/usr/bin/aarch64-unknown-nto-qnx7.0.0-as -v -EL -mabi=lp64 -o CMakeFiles/cmTC_9871b.dir/CMakeCXXCompilerABI.cpp.o /tmp/ccIv1dzK.s]
  ignore line: [GNU assembler version 2.25.1 (aarch64-unknown-nto-qnx7.0.0) using BFD version (GNU Binutils) 2.25.1 [qnx700 r1234]]
  ignore line: [COMPILER_PATH=/home/xjf2613/code-space/QNX/qnx-sdk-project-20220228/FOR-PUBLIC/FOR_QNX_SDP/qnx700_sdp/host/linux/x86_64/usr/bin/:/home/xjf2613/code-space/QNX/qnx-sdk-project-20220228/FOR-PUBLIC/FOR_QNX_SDP/qnx700_sdp/host/linux/x86_64/usr/lib/gcc/aarch64-unknown-nto-qnx7.0.0/5.4.0/:/home/xjf2613/code-space/QNX/qnx-sdk-project-20220228/FOR-PUBLIC/FOR_QNX_SDP/qnx700_sdp/host/linux/x86_64/usr/lib/gcc/aarch64-unknown-nto-qnx7.0.0/5.4.0/:/home/xjf2613/code-space/QNX/qnx-sdk-project-20220228/FOR-PUBLIC/FOR_QNX_SDP/qnx700_sdp/host/linux/x86_64/usr/lib/gcc/aarch64-unknown-nto-qnx7.0.0/:/home/xjf2613/code-space/QNX/qnx-sdk-project-20220228/FOR-PUBLIC/FOR_QNX_SDP/qnx700_sdp/host/linux/x86_64/usr/lib/gcc/aarch64-unknown-nto-qnx7.0.0/5.4.0/:/home/xjf2613/code-space/QNX/qnx-sdk-project-20220228/FOR-PUBLIC/FOR_QNX_SDP/qnx700_sdp/host/linux/x86_64/usr/lib/gcc/aarch64-unknown-nto-qnx7.0.0/]
  ignore line: [LIBRARY_PATH=/home/xjf2613/code-space/QNX/qnx-sdk-project-20220228/FOR-PUBLIC/FOR_QNX_SDP/qnx700_sdp/host/linux/x86_64/usr/lib/gcc/aarch64-unknown-nto-qnx7.0.0/5.4.0/:/home/xjf2613/code-space/QNX/qnx-sdk-project-20220228/FOR-PUBLIC/FOR_QNX_SDP/qnx700_sdp/target/qnx7/lib/:/home/xjf2613/code-space/QNX/qnx-sdk-project-20220228/FOR-PUBLIC/FOR_QNX_SDP/qnx700_sdp/target/qnx7/usr/lib/]
  ignore line: [COLLECT_GCC_OPTIONS='-v' '-o' 'CMakeFiles/cmTC_9871b.dir/CMakeCXXCompilerABI.cpp.o' '-c' '-mlittle-endian' '-mabi=lp64']
  ignore line: [Linking CXX executable cmTC_9871b]
  ignore line: [/home/xjf2613/soft/cmake/cmake-3.23.0-linux-x86_64/bin/cmake -E cmake_link_script CMakeFiles/cmTC_9871b.dir/link.txt --verbose=1]
  ignore line: [/home/xjf2613/code-space/QNX/qnx-sdk-project-20220228/FOR-PUBLIC/FOR_QNX_SDP/qnx700_sdp/host/linux/x86_64/usr/bin/aarch64-unknown-nto-qnx7.0.0-g++-5.4.0 --sysroot=/home/xjf2613/code-space/QNX/qnx-sdk-project-20220228/FOR-PUBLIC/FOR_QNX_SDP/qnx700_sdp/target/qnx7  -v CMakeFiles/cmTC_9871b.dir/CMakeCXXCompilerABI.cpp.o -o cmTC_9871b ]
  ignore line: [Using built-in specs.]
  ignore line: [COLLECT_GCC=/home/xjf2613/code-space/QNX/qnx-sdk-project-20220228/FOR-PUBLIC/FOR_QNX_SDP/qnx700_sdp/host/linux/x86_64/usr/bin/aarch64-unknown-nto-qnx7.0.0-g++-5.4.0]
  ignore line: [COLLECT_LTO_WRAPPER=/home/xjf2613/code-space/QNX/qnx-sdk-project-20220228/FOR-PUBLIC/FOR_QNX_SDP/qnx700_sdp/host/linux/x86_64/usr/lib/gcc/aarch64-unknown-nto-qnx7.0.0/5.4.0/lto-wrapper]
  ignore line: [Target: aarch64-unknown-nto-qnx7.0.0]
  ignore line: [Configured with: ../configure --srcdir=.. --with-as=aarch64-unknown-nto-qnx7.0.0-as --with-ld=aarch64-unknown-nto-qnx7.0.0-ld --enable-gnu-indirect-function=yes --enable-cxx-flags=-stdlib=libstdc++ --enable-cheaders=c_global --enable-initfini-array --enable-default-pie --with-sysroot=/opt/qnx700/target/qnx7/ --disable-werror --libdir=/opt/qnx700/host/linux/x86_64/usr/lib --libexecdir=/opt/qnx700/host/linux/x86_64/usr/lib --target=aarch64-unknown-nto-qnx7.0.0 --prefix=/opt/qnx700/host/linux/x86_64/usr --exec-prefix=/opt/qnx700/host/linux/x86_64/usr --with-local-prefix=/opt/qnx700/host/linux/x86_64/usr --enable-languages=c++ --enable-threads=posix --disable-nls --disable-tls --disable-libssp --disable-libstdcxx-pch --enable-libgomp --enable-__cxa_atexit --with-gxx-include-dir=/opt/qnx700/target/qnx7/usr/include/c++/5.4.0 --enable-shared --enable-multilib --with-bugurl=http://www.qnx.com --enable-stack-protector CC=x86_64-unknown-linux-gnu-gcc CFLAGS='-O2 -m64' LDFLAGS='-Wl,-s ' CXX=x86_64-unknown-linux-gnu-g++ CXXFLAGS='-O2 -m64' AUTOMAKE=: AUTOCONF=: AUTOHEADER=: AUTORECONF=: ACLOCAL=:]
  ignore line: [Thread model: posix]
  ignore line: [gcc version 5.4.0 [qnx700 1234] (GCC) ]
  ignore line: [COMPILER_PATH=/home/xjf2613/code-space/QNX/qnx-sdk-project-20220228/FOR-PUBLIC/FOR_QNX_SDP/qnx700_sdp/host/linux/x86_64/usr/bin/:/home/xjf2613/code-space/QNX/qnx-sdk-project-20220228/FOR-PUBLIC/FOR_QNX_SDP/qnx700_sdp/host/linux/x86_64/usr/lib/gcc/aarch64-unknown-nto-qnx7.0.0/5.4.0/:/home/xjf2613/code-space/QNX/qnx-sdk-project-20220228/FOR-PUBLIC/FOR_QNX_SDP/qnx700_sdp/host/linux/x86_64/usr/lib/gcc/aarch64-unknown-nto-qnx7.0.0/5.4.0/:/home/xjf2613/code-space/QNX/qnx-sdk-project-20220228/FOR-PUBLIC/FOR_QNX_SDP/qnx700_sdp/host/linux/x86_64/usr/lib/gcc/aarch64-unknown-nto-qnx7.0.0/:/home/xjf2613/code-space/QNX/qnx-sdk-project-20220228/FOR-PUBLIC/FOR_QNX_SDP/qnx700_sdp/host/linux/x86_64/usr/lib/gcc/aarch64-unknown-nto-qnx7.0.0/5.4.0/:/home/xjf2613/code-space/QNX/qnx-sdk-project-20220228/FOR-PUBLIC/FOR_QNX_SDP/qnx700_sdp/host/linux/x86_64/usr/lib/gcc/aarch64-unknown-nto-qnx7.0.0/]
  ignore line: [LIBRARY_PATH=/home/xjf2613/code-space/QNX/qnx-sdk-project-20220228/FOR-PUBLIC/FOR_QNX_SDP/qnx700_sdp/host/linux/x86_64/usr/lib/gcc/aarch64-unknown-nto-qnx7.0.0/5.4.0/:/home/xjf2613/code-space/QNX/qnx-sdk-project-20220228/FOR-PUBLIC/FOR_QNX_SDP/qnx700_sdp/target/qnx7/lib/:/home/xjf2613/code-space/QNX/qnx-sdk-project-20220228/FOR-PUBLIC/FOR_QNX_SDP/qnx700_sdp/target/qnx7/usr/lib/]
  ignore line: [COLLECT_GCC_OPTIONS='-v' '-o' 'cmTC_9871b' '-mlittle-endian' '-mabi=lp64']
  link line: [ /home/xjf2613/code-space/QNX/qnx-sdk-project-20220228/FOR-PUBLIC/FOR_QNX_SDP/qnx700_sdp/host/linux/x86_64/usr/lib/gcc/aarch64-unknown-nto-qnx7.0.0/5.4.0/collect2 -plugin /home/xjf2613/code-space/QNX/qnx-sdk-project-20220228/FOR-PUBLIC/FOR_QNX_SDP/qnx700_sdp/host/linux/x86_64/usr/lib/gcc/aarch64-unknown-nto-qnx7.0.0/5.4.0/liblto_plugin.so -plugin-opt=/home/xjf2613/code-space/QNX/qnx-sdk-project-20220228/FOR-PUBLIC/FOR_QNX_SDP/qnx700_sdp/host/linux/x86_64/usr/lib/gcc/aarch64-unknown-nto-qnx7.0.0/5.4.0/lto-wrapper -plugin-opt=-fresolution=/tmp/ccav3eFb.res -plugin-opt=-pass-through=-lgcc -plugin-opt=-pass-through=-lc -plugin-opt=-pass-through=-lcS -plugin-opt=-pass-through=-lgcc --sysroot=/home/xjf2613/code-space/QNX/qnx-sdk-project-20220228/FOR-PUBLIC/FOR_QNX_SDP/qnx700_sdp/target/qnx7 --eh-frame-hdr -V --build-id=md5 --warn-shared-textrel -zrelro -znow --dynamic-linker /usr/lib/ldqnx-64.so.2 -X -EL -pie -o cmTC_9871b /home/xjf2613/code-space/QNX/qnx-sdk-project-20220228/FOR-PUBLIC/FOR_QNX_SDP/qnx700_sdp/target/qnx7/aarch64le/lib/crt1.o /home/xjf2613/code-space/QNX/qnx-sdk-project-20220228/FOR-PUBLIC/FOR_QNX_SDP/qnx700_sdp/target/qnx7/aarch64le/lib/crti.o /home/xjf2613/code-space/QNX/qnx-sdk-project-20220228/FOR-PUBLIC/FOR_QNX_SDP/qnx700_sdp/host/linux/x86_64/usr/lib/gcc/aarch64-unknown-nto-qnx7.0.0/5.4.0/crtbegin.o -L/home/xjf2613/code-space/QNX/qnx-sdk-project-20220228/FOR-PUBLIC/FOR_QNX_SDP/qnx700_sdp/host/linux/x86_64/usr/lib/gcc/aarch64-unknown-nto-qnx7.0.0/5.4.0 -L/home/xjf2613/code-space/QNX/qnx-sdk-project-20220228/FOR-PUBLIC/FOR_QNX_SDP/qnx700_sdp/target/qnx7/lib -L/home/xjf2613/code-space/QNX/qnx-sdk-project-20220228/FOR-PUBLIC/FOR_QNX_SDP/qnx700_sdp/target/qnx7/usr/lib -L /home/xjf2613/code-space/QNX/qnx-sdk-project-20220228/FOR-PUBLIC/FOR_QNX_SDP/qnx700_sdp/target/qnx7/aarch64le/lib/gcc/5.4.0 -L /home/xjf2613/code-space/QNX/qnx-sdk-project-20220228/FOR-PUBLIC/FOR_QNX_SDP/qnx700_sdp/target/qnx7/aarch64le/lib -L /home/xjf2613/code-space/QNX/qnx-sdk-project-20220228/FOR-PUBLIC/FOR_QNX_SDP/qnx700_sdp/target/qnx7/aarch64le/usr/lib -L /home/xjf2613/code-space/QNX/qnx-sdk-project-20220228/FOR-PUBLIC/FOR_QNX_SDP/qnx700_sdp/target/qnx7/aarch64le/opt/lib -rpath-link /home/xjf2613/code-space/QNX/qnx-sdk-project-20220228/FOR-PUBLIC/FOR_QNX_SDP/qnx700_sdp/target/qnx7/aarch64le/lib/gcc/5.4.0:/home/xjf2613/code-space/QNX/qnx-sdk-project-20220228/FOR-PUBLIC/FOR_QNX_SDP/qnx700_sdp/target/qnx7/aarch64le/lib:/home/xjf2613/code-space/QNX/qnx-sdk-project-20220228/FOR-PUBLIC/FOR_QNX_SDP/qnx700_sdp/target/qnx7/aarch64le/usr/lib:/home/xjf2613/code-space/QNX/qnx-sdk-project-20220228/FOR-PUBLIC/FOR_QNX_SDP/qnx700_sdp/target/qnx7/aarch64le/opt/lib CMakeFiles/cmTC_9871b.dir/CMakeCXXCompilerABI.cpp.o -lc++ -lm -lgcc -lc -Bstatic -lcS -lgcc /home/xjf2613/code-space/QNX/qnx-sdk-project-20220228/FOR-PUBLIC/FOR_QNX_SDP/qnx700_sdp/host/linux/x86_64/usr/lib/gcc/aarch64-unknown-nto-qnx7.0.0/5.4.0/crtend.o /home/xjf2613/code-space/QNX/qnx-sdk-project-20220228/FOR-PUBLIC/FOR_QNX_SDP/qnx700_sdp/target/qnx7/aarch64le/lib/crtn.o]
    arg [/home/xjf2613/code-space/QNX/qnx-sdk-project-20220228/FOR-PUBLIC/FOR_QNX_SDP/qnx700_sdp/host/linux/x86_64/usr/lib/gcc/aarch64-unknown-nto-qnx7.0.0/5.4.0/collect2] ==> ignore
    arg [-plugin] ==> ignore
    arg [/home/xjf2613/code-space/QNX/qnx-sdk-project-20220228/FOR-PUBLIC/FOR_QNX_SDP/qnx700_sdp/host/linux/x86_64/usr/lib/gcc/aarch64-unknown-nto-qnx7.0.0/5.4.0/liblto_plugin.so] ==> ignore
    arg [-plugin-opt=/home/xjf2613/code-space/QNX/qnx-sdk-project-20220228/FOR-PUBLIC/FOR_QNX_SDP/qnx700_sdp/host/linux/x86_64/usr/lib/gcc/aarch64-unknown-nto-qnx7.0.0/5.4.0/lto-wrapper] ==> ignore
    arg [-plugin-opt=-fresolution=/tmp/ccav3eFb.res] ==> ignore
    arg [-plugin-opt=-pass-through=-lgcc] ==> ignore
    arg [-plugin-opt=-pass-through=-lc] ==> ignore
    arg [-plugin-opt=-pass-through=-lcS] ==> ignore
    arg [-plugin-opt=-pass-through=-lgcc] ==> ignore
    arg [--sysroot=/home/xjf2613/code-space/QNX/qnx-sdk-project-20220228/FOR-PUBLIC/FOR_QNX_SDP/qnx700_sdp/target/qnx7] ==> ignore
    arg [--eh-frame-hdr] ==> ignore
    arg [-V] ==> ignore
    arg [--build-id=md5] ==> ignore
    arg [--warn-shared-textrel] ==> ignore
    arg [-zrelro] ==> ignore
    arg [-znow] ==> ignore
    arg [--dynamic-linker] ==> ignore
    arg [/usr/lib/ldqnx-64.so.2] ==> ignore
    arg [-X] ==> ignore
    arg [-EL] ==> ignore
    arg [-pie] ==> ignore
    arg [-o] ==> ignore
    arg [cmTC_9871b] ==> ignore
    arg [/home/xjf2613/code-space/QNX/qnx-sdk-project-20220228/FOR-PUBLIC/FOR_QNX_SDP/qnx700_sdp/target/qnx7/aarch64le/lib/crt1.o] ==> obj [/home/xjf2613/code-space/QNX/qnx-sdk-project-20220228/FOR-PUBLIC/FOR_QNX_SDP/qnx700_sdp/target/qnx7/aarch64le/lib/crt1.o]
    arg [/home/xjf2613/code-space/QNX/qnx-sdk-project-20220228/FOR-PUBLIC/FOR_QNX_SDP/qnx700_sdp/target/qnx7/aarch64le/lib/crti.o] ==> obj [/home/xjf2613/code-space/QNX/qnx-sdk-project-20220228/FOR-PUBLIC/FOR_QNX_SDP/qnx700_sdp/target/qnx7/aarch64le/lib/crti.o]
    arg [/home/xjf2613/code-space/QNX/qnx-sdk-project-20220228/FOR-PUBLIC/FOR_QNX_SDP/qnx700_sdp/host/linux/x86_64/usr/lib/gcc/aarch64-unknown-nto-qnx7.0.0/5.4.0/crtbegin.o] ==> obj [/home/xjf2613/code-space/QNX/qnx-sdk-project-20220228/FOR-PUBLIC/FOR_QNX_SDP/qnx700_sdp/host/linux/x86_64/usr/lib/gcc/aarch64-unknown-nto-qnx7.0.0/5.4.0/crtbegin.o]
    arg [-L/home/xjf2613/code-space/QNX/qnx-sdk-project-20220228/FOR-PUBLIC/FOR_QNX_SDP/qnx700_sdp/host/linux/x86_64/usr/lib/gcc/aarch64-unknown-nto-qnx7.0.0/5.4.0] ==> dir [/home/xjf2613/code-space/QNX/qnx-sdk-project-20220228/FOR-PUBLIC/FOR_QNX_SDP/qnx700_sdp/host/linux/x86_64/usr/lib/gcc/aarch64-unknown-nto-qnx7.0.0/5.4.0]
    arg [-L/home/xjf2613/code-space/QNX/qnx-sdk-project-20220228/FOR-PUBLIC/FOR_QNX_SDP/qnx700_sdp/target/qnx7/lib] ==> dir [/home/xjf2613/code-space/QNX/qnx-sdk-project-20220228/FOR-PUBLIC/FOR_QNX_SDP/qnx700_sdp/target/qnx7/lib]
    arg [-L/home/xjf2613/code-space/QNX/qnx-sdk-project-20220228/FOR-PUBLIC/FOR_QNX_SDP/qnx700_sdp/target/qnx7/usr/lib] ==> dir [/home/xjf2613/code-space/QNX/qnx-sdk-project-20220228/FOR-PUBLIC/FOR_QNX_SDP/qnx700_sdp/target/qnx7/usr/lib]
    arg [-L/home/xjf2613/code-space/QNX/qnx-sdk-project-20220228/FOR-PUBLIC/FOR_QNX_SDP/qnx700_sdp/target/qnx7/aarch64le/lib/gcc/5.4.0] ==> dir [/home/xjf2613/code-space/QNX/qnx-sdk-project-20220228/FOR-PUBLIC/FOR_QNX_SDP/qnx700_sdp/target/qnx7/aarch64le/lib/gcc/5.4.0]
    arg [-L/home/xjf2613/code-space/QNX/qnx-sdk-project-20220228/FOR-PUBLIC/FOR_QNX_SDP/qnx700_sdp/target/qnx7/aarch64le/lib] ==> dir [/home/xjf2613/code-space/QNX/qnx-sdk-project-20220228/FOR-PUBLIC/FOR_QNX_SDP/qnx700_sdp/target/qnx7/aarch64le/lib]
    arg [-L/home/xjf2613/code-space/QNX/qnx-sdk-project-20220228/FOR-PUBLIC/FOR_QNX_SDP/qnx700_sdp/target/qnx7/aarch64le/usr/lib] ==> dir [/home/xjf2613/code-space/QNX/qnx-sdk-project-20220228/FOR-PUBLIC/FOR_QNX_SDP/qnx700_sdp/target/qnx7/aarch64le/usr/lib]
    arg [-L/home/xjf2613/code-space/QNX/qnx-sdk-project-20220228/FOR-PUBLIC/FOR_QNX_SDP/qnx700_sdp/target/qnx7/aarch64le/opt/lib] ==> dir [/home/xjf2613/code-space/QNX/qnx-sdk-project-20220228/FOR-PUBLIC/FOR_QNX_SDP/qnx700_sdp/target/qnx7/aarch64le/opt/lib]
    arg [-rpath-link] ==> ignore
    arg [/home/xjf2613/code-space/QNX/qnx-sdk-project-20220228/FOR-PUBLIC/FOR_QNX_SDP/qnx700_sdp/target/qnx7/aarch64le/lib/gcc/5.4.0:/home/xjf2613/code-space/QNX/qnx-sdk-project-20220228/FOR-PUBLIC/FOR_QNX_SDP/qnx700_sdp/target/qnx7/aarch64le/lib:/home/xjf2613/code-space/QNX/qnx-sdk-project-20220228/FOR-PUBLIC/FOR_QNX_SDP/qnx700_sdp/target/qnx7/aarch64le/usr/lib:/home/xjf2613/code-space/QNX/qnx-sdk-project-20220228/FOR-PUBLIC/FOR_QNX_SDP/qnx700_sdp/target/qnx7/aarch64le/opt/lib] ==> ignore
    arg [CMakeFiles/cmTC_9871b.dir/CMakeCXXCompilerABI.cpp.o] ==> ignore
    arg [-lc++] ==> lib [c++]
    arg [-lm] ==> lib [m]
    arg [-lgcc] ==> lib [gcc]
    arg [-lc] ==> lib [c]
    arg [-Bstatic] ==> search static
    arg [-lcS] ==> lib [cS]
    arg [-lgcc] ==> lib [gcc]
    arg [/home/xjf2613/code-space/QNX/qnx-sdk-project-20220228/FOR-PUBLIC/FOR_QNX_SDP/qnx700_sdp/host/linux/x86_64/usr/lib/gcc/aarch64-unknown-nto-qnx7.0.0/5.4.0/crtend.o] ==> obj [/home/xjf2613/code-space/QNX/qnx-sdk-project-20220228/FOR-PUBLIC/FOR_QNX_SDP/qnx700_sdp/host/linux/x86_64/usr/lib/gcc/aarch64-unknown-nto-qnx7.0.0/5.4.0/crtend.o]
    arg [/home/xjf2613/code-space/QNX/qnx-sdk-project-20220228/FOR-PUBLIC/FOR_QNX_SDP/qnx700_sdp/target/qnx7/aarch64le/lib/crtn.o] ==> obj [/home/xjf2613/code-space/QNX/qnx-sdk-project-20220228/FOR-PUBLIC/FOR_QNX_SDP/qnx700_sdp/target/qnx7/aarch64le/lib/crtn.o]
  collapse library dir [/home/xjf2613/code-space/QNX/qnx-sdk-project-20220228/FOR-PUBLIC/FOR_QNX_SDP/qnx700_sdp/host/linux/x86_64/usr/lib/gcc/aarch64-unknown-nto-qnx7.0.0/5.4.0] ==> [/home/xjf2613/code-space/QNX/qnx-sdk-project-20220228/FOR-PUBLIC/FOR_QNX_SDP/qnx700_sdp/host/linux/x86_64/usr/lib/gcc/aarch64-unknown-nto-qnx7.0.0/5.4.0]
  collapse library dir [/home/xjf2613/code-space/QNX/qnx-sdk-project-20220228/FOR-PUBLIC/FOR_QNX_SDP/qnx700_sdp/target/qnx7/lib] ==> [/home/xjf2613/code-space/QNX/qnx-sdk-project-20220228/FOR-PUBLIC/FOR_QNX_SDP/qnx700_sdp/target/qnx7/lib]
  collapse library dir [/home/xjf2613/code-space/QNX/qnx-sdk-project-20220228/FOR-PUBLIC/FOR_QNX_SDP/qnx700_sdp/target/qnx7/usr/lib] ==> [/home/xjf2613/code-space/QNX/qnx-sdk-project-20220228/FOR-PUBLIC/FOR_QNX_SDP/qnx700_sdp/target/qnx7/usr/lib]
  collapse library dir [/home/xjf2613/code-space/QNX/qnx-sdk-project-20220228/FOR-PUBLIC/FOR_QNX_SDP/qnx700_sdp/target/qnx7/aarch64le/lib/gcc/5.4.0] ==> [/home/xjf2613/code-space/QNX/qnx-sdk-project-20220228/FOR-PUBLIC/FOR_QNX_SDP/qnx700_sdp/target/qnx7/aarch64le/lib/gcc/5.4.0]
  collapse library dir [/home/xjf2613/code-space/QNX/qnx-sdk-project-20220228/FOR-PUBLIC/FOR_QNX_SDP/qnx700_sdp/target/qnx7/aarch64le/lib] ==> [/home/xjf2613/code-space/QNX/qnx-sdk-project-20220228/FOR-PUBLIC/FOR_QNX_SDP/qnx700_sdp/target/qnx7/aarch64le/lib]
  collapse library dir [/home/xjf2613/code-space/QNX/qnx-sdk-project-20220228/FOR-PUBLIC/FOR_QNX_SDP/qnx700_sdp/target/qnx7/aarch64le/usr/lib] ==> [/home/xjf2613/code-space/QNX/qnx-sdk-project-20220228/FOR-PUBLIC/FOR_QNX_SDP/qnx700_sdp/target/qnx7/aarch64le/usr/lib]
  collapse library dir [/home/xjf2613/code-space/QNX/qnx-sdk-project-20220228/FOR-PUBLIC/FOR_QNX_SDP/qnx700_sdp/target/qnx7/aarch64le/opt/lib] ==> [/home/xjf2613/code-space/QNX/qnx-sdk-project-20220228/FOR-PUBLIC/FOR_QNX_SDP/qnx700_sdp/target/qnx7/aarch64le/opt/lib]
  implicit libs: [c++;m;gcc;c;cS;gcc]
  implicit objs: [/home/xjf2613/code-space/QNX/qnx-sdk-project-20220228/FOR-PUBLIC/FOR_QNX_SDP/qnx700_sdp/target/qnx7/aarch64le/lib/crt1.o;/home/xjf2613/code-space/QNX/qnx-sdk-project-20220228/FOR-PUBLIC/FOR_QNX_SDP/qnx700_sdp/target/qnx7/aarch64le/lib/crti.o;/home/xjf2613/code-space/QNX/qnx-sdk-project-20220228/FOR-PUBLIC/FOR_QNX_SDP/qnx700_sdp/host/linux/x86_64/usr/lib/gcc/aarch64-unknown-nto-qnx7.0.0/5.4.0/crtbegin.o;/home/xjf2613/code-space/QNX/qnx-sdk-project-20220228/FOR-PUBLIC/FOR_QNX_SDP/qnx700_sdp/host/linux/x86_64/usr/lib/gcc/aarch64-unknown-nto-qnx7.0.0/5.4.0/crtend.o;/home/xjf2613/code-space/QNX/qnx-sdk-project-20220228/FOR-PUBLIC/FOR_QNX_SDP/qnx700_sdp/target/qnx7/aarch64le/lib/crtn.o]
  implicit dirs: [/home/xjf2613/code-space/QNX/qnx-sdk-project-20220228/FOR-PUBLIC/FOR_QNX_SDP/qnx700_sdp/host/linux/x86_64/usr/lib/gcc/aarch64-unknown-nto-qnx7.0.0/5.4.0;/home/xjf2613/code-space/QNX/qnx-sdk-project-20220228/FOR-PUBLIC/FOR_QNX_SDP/qnx700_sdp/target/qnx7/lib;/home/xjf2613/code-space/QNX/qnx-sdk-project-20220228/FOR-PUBLIC/FOR_QNX_SDP/qnx700_sdp/target/qnx7/usr/lib;/home/xjf2613/code-space/QNX/qnx-sdk-project-20220228/FOR-PUBLIC/FOR_QNX_SDP/qnx700_sdp/target/qnx7/aarch64le/lib/gcc/5.4.0;/home/xjf2613/code-space/QNX/qnx-sdk-project-20220228/FOR-PUBLIC/FOR_QNX_SDP/qnx700_sdp/target/qnx7/aarch64le/lib;/home/xjf2613/code-space/QNX/qnx-sdk-project-20220228/FOR-PUBLIC/FOR_QNX_SDP/qnx700_sdp/target/qnx7/aarch64le/usr/lib;/home/xjf2613/code-space/QNX/qnx-sdk-project-20220228/FOR-PUBLIC/FOR_QNX_SDP/qnx700_sdp/target/qnx7/aarch64le/opt/lib]
  implicit fwks: []


